
 --- Table  1: Summary of nuclide data: 

 Data for 16 nuclides included in calculation:

 - 16 Transport nuclides
 - No dosimetry nuclides
 - No decay nuclides
 - 370 reaction channels
 - 134 special reactions
 - No transmutation reactions
 - No transmutation branch reactions
 - 4 decay reactions
 - No decay branch reactions
 - All reaction linked to target

 Columns:

  1. Index
  2. Level (first occurence in transmutation paths)
  3. Name (nuclide identifier data)
  4. Library ID
  5. Primary data type: TRA = transport
                        DOS = dosimetry
                        SAB = thermal scattering
                        DEC = only decay data
                        STR = only structural data (mass)
                        PHO = photon interaction data
  6. Z (atomic number)
  7. A (isotope number)
  8. I (isomeric state)
  9. Atomic weight
 10. Temperature (in Kelvin)
 11. Decay constant (1/s)
 12. Flags: I - nuclide is present in initial composition
            B - nuclide is involved in burnup calculation
            A - nuclide is produced as activation product
            D - nuclide is produced as decay product
            F - nuclide is produced as fission product
            B - nuclide is produced in decay or transmutation branching
            T - nuclide has neutron transport cross section data
            S - nuclide has S(a,b) data
            I - nuclide has isomeric branching reactions
            F - nuclide is fissile
            P - nuclide is a delayed neutron precursor
            D - nuclide has delayed neutron data
            U - nuclide has uses ures ptable data
            T - nuclide cross sections are adjusted by TMS
            D - nuclide has dosimetry cross section data
            R - nuclide has radioactive decay data
            N - nuclide has neutron-induced fission yield data
            S - nuclide has spontaneous fission yield data
            P - nuclide has photon transport cross section data
            T - nuclide has supplementary transmutation cross section data

    1   0  1001.06c      06c  TRA    1   1 0    1.00783   600.0       stable  I-----T--------R----  hydrogen (H-1)
    2   0  1001.06s      06s  TRA    1   1 0    1.00783   600.0       stable  I-----TS-------R----  hydrogen (H-1)
    3   0  1001.06s      06s  TRA    1   1 0    1.00783   600.0       stable  I-----TS-------R----  hydrogen (H-1)
    4   0  1002.06c      06c  TRA    1   2 0    2.01410   600.0       stable  I-----T--------R----  deuterium (H-2)
    5   0  1002.06s      06s  TRA    1   2 0    2.01410   600.0       stable  I-----TS-------R----  deuterium (H-2)
    6   0  1002.06s      06s  TRA    1   2 0    2.01410   600.0       stable  I-----TS-------R----  deuterium (H-2)
    7   0  5010.06c      06c  TRA    5  10 0   10.01294   600.0       stable  I-----T--------R----  boron 10 (B-10)
    8   0  5011.06c      06c  TRA    5  11 0   11.00928   600.0       stable  I-----T--------R----  boron 11 (B-11)
    9   0  8016.09c      09c  TRA    8  16 0   15.99492   900.0       stable  I-----T--------R----  oxygen 16 (O-16)
   10   0  8016.06c      06c  TRA    8  16 0   15.99492   600.0       stable  I-----T--------R----  oxygen 16 (O-16)
   11   0  24000.06c     06c  TRA   24   0 0   51.99587   600.0          N/A  I-----T-------------  natural chromium (Cr-nat)
   12   0  25055.06c     06c  TRA   25  55 0   54.93805   600.0       stable  I-----T--------R----  manganese 55 (Mn-55)
   13   0  28000.06c     06c  TRA   28   0 0   58.68796   600.0          N/A  I-----T-------------  natural nickel (Ni-nat)
   14   0  40000.06c     06c  TRA   40   0 0   91.21962   600.0          N/A  I-----T-------------  natural zirconium (Zr-nat)
   15   0  92235.09c     09c  TRA   92 235 0  235.04415   900.0  3.12085E-17  I-----T--F-D---RN---  uranium 235 (U-235)
   16   0  92238.09c     09c  TRA   92 238 0  238.05078   900.0  4.91608E-18  I-----T--F-D---RN---  uranium 238 (U-238)

 --- Table  2: Reaction and decay data: 

 Nuclide    1 / 16 : 1001.06c -- hydrogen (H-1)

 Pointers                     : 89229 1562
 Primary type                 : Transport
 Nuclide ZAI                  : 10010
 Library ID                   : 06c
 Cross section data file      : ./jeff311/acedata/1001JEF311.ace
 Atomic weight (AW)           : 1.00783
 Atomic weight ratio (AWR)    : 0.99917
 Temperature                  : 600.0 Kelvin
 XS temperature               : 600.0 Kelvin
 Minimum and maximum energy   : 1.00000E-11 1.50000E+02
 Half-life                    : stable
 Specific ingestion toxicity  : N/A
 Specific inhalation toxicity : N/A

 - Nuclide is not involved in burnup calculation
 - Nuclide has neutron transport data
 - Nuclide has no photon transport data
 - Nuclide has no S(a,b) data
 - Nuclide has no isomeric branching data
 - Nuclide is not fissile
 - Nuclide is not a delayed neutron precursor
 - Nuclide has no delayed neutron data
 - Nuclide has no ures ptable data
 - Nuclide temperature is not adjusted with TMS
 - Nuclide has no dosimetry data
 - Nuclide has decay data
 - Nuclide has no supplementary transmutation cross section data
 - Nuclide has no NFY data
 - Nuclide has no SFY data

 - 2 reaction channels
 - 1 special reactions
 - No transmutation reactions
 - No transmutation branch reactions
 - No decay reactions
 - No decay branch reactions
 - No transmutation paths

 2 reactions channel:

   1    MT =      2  Q =  0.00000E+00 MeV  Emin = 1.00000E-11 MeV  frac = 1.00000E+00  : elastic scattering
   2    MT =    102  Q =  2.22460E+00 MeV  Emin = 1.00000E-11 MeV  frac = 1.00000E+00  : (n,gamma)

 1 special reaction:

   1    MT =    204  Q =  0.00000E+00 MeV  Emin = 1.00000E-11 MeV  : total deuteron production

 Nuclide    2 / 16 : 1001.06s -- hydrogen (H-1)

 Pointers                     : 89895 1562
 Primary type                 : Transport
 Nuclide ZAI                  : 10010
 Library ID                   : 06s
 Cross section data file      : ./jeff311/acedata/1001JEF311.ace
 Atomic weight (AW)           : 1.00783
 Atomic weight ratio (AWR)    : 0.99917
 Temperature                  : 600.0 Kelvin
 XS temperature               : 600.0 Kelvin
 Minimum and maximum energy   : 1.00000E-11 1.50000E+02
 Half-life                    : stable
 Specific ingestion toxicity  : N/A
 Specific inhalation toxicity : N/A

 - Nuclide is not involved in burnup calculation
 - Nuclide has neutron transport data
 - Nuclide has no photon transport data
 - Nuclide has inelastic S(a,b) channel between 1.00E-11 and 3.75E-06 MeV
 - Nuclide has no isomeric branching data
 - Nuclide is not fissile
 - Nuclide is not a delayed neutron precursor
 - Nuclide has no delayed neutron data
 - Nuclide has no ures ptable data
 - Nuclide temperature is not adjusted with TMS
 - Nuclide has no dosimetry data
 - Nuclide has decay data
 - Nuclide has no supplementary transmutation cross section data
 - Nuclide has no NFY data
 - Nuclide has no SFY data

 - 3 reaction channels
 - 1 special reactions
 - No transmutation reactions
 - No transmutation branch reactions
 - No decay reactions
 - No decay branch reactions
 - No transmutation paths

 3 reactions channel:

   1    MT =      2  Q =  0.00000E+00 MeV  Emin = 1.00000E-11 MeV  frac = 1.00000E+00  : elastic scattering
   2    MT =    102  Q =  2.22460E+00 MeV  Emin = 1.00000E-11 MeV  frac = 1.00000E+00  : (n,gamma)
   3    MT =   1004  Q =  0.00000E+00 MeV  Emin = 1.00000E-11 MeV  frac = 1.00000E+00  : S(a,b) inelastic scattering

 1 special reaction:

   1    MT =    204  Q =  0.00000E+00 MeV  Emin = 1.00000E-11 MeV  : total deuteron production

 Nuclide    3 / 16 : 1001.06s -- hydrogen (H-1)

 Pointers                     : 90819 1562
 Primary type                 : Transport
 Nuclide ZAI                  : 10010
 Library ID                   : 06s
 Cross section data file      : ./jeff311/acedata/1001JEF311.ace
 Atomic weight (AW)           : 1.00783
 Atomic weight ratio (AWR)    : 0.99917
 Temperature                  : 600.0 Kelvin
 XS temperature               : 600.0 Kelvin
 Minimum and maximum energy   : 1.00000E-11 1.50000E+02
 Half-life                    : stable
 Specific ingestion toxicity  : N/A
 Specific inhalation toxicity : N/A

 - Nuclide is not involved in burnup calculation
 - Nuclide has neutron transport data
 - Nuclide has no photon transport data
 - Nuclide has inelastic S(a,b) channel between 1.00E-11 and 3.75E-06 MeV
 - Nuclide has no isomeric branching data
 - Nuclide is not fissile
 - Nuclide is not a delayed neutron precursor
 - Nuclide has no delayed neutron data
 - Nuclide has no ures ptable data
 - Nuclide temperature is not adjusted with TMS
 - Nuclide has no dosimetry data
 - Nuclide has decay data
 - Nuclide has no supplementary transmutation cross section data
 - Nuclide has no NFY data
 - Nuclide has no SFY data

 - 3 reaction channels
 - 1 special reactions
 - No transmutation reactions
 - No transmutation branch reactions
 - No decay reactions
 - No decay branch reactions
 - No transmutation paths

 3 reactions channel:

   1    MT =      2  Q =  0.00000E+00 MeV  Emin = 1.00000E-11 MeV  frac = 1.00000E+00  : elastic scattering
   2    MT =    102  Q =  2.22460E+00 MeV  Emin = 1.00000E-11 MeV  frac = 1.00000E+00  : (n,gamma)
   3    MT =   1004  Q =  0.00000E+00 MeV  Emin = 1.00000E-11 MeV  frac = 1.00000E+00  : S(a,b) inelastic scattering

 1 special reaction:

   1    MT =    204  Q =  0.00000E+00 MeV  Emin = 1.00000E-11 MeV  : total deuteron production

 Nuclide    4 / 16 : 1002.06c -- deuterium (H-2)

 Pointers                     : 88767 1838
 Primary type                 : Transport
 Nuclide ZAI                  : 10020
 Library ID                   : 06c
 Cross section data file      : ./jeff311/acedata/1002JEF311.ace
 Atomic weight (AW)           : 2.01410
 Atomic weight ratio (AWR)    : 1.99680
 Temperature                  : 600.0 Kelvin
 XS temperature               : 600.0 Kelvin
 Minimum and maximum energy   : 1.00000E-11 1.50000E+02
 Half-life                    : stable
 Specific ingestion toxicity  : N/A
 Specific inhalation toxicity : N/A

 - Nuclide is not involved in burnup calculation
 - Nuclide has neutron transport data
 - Nuclide has no photon transport data
 - Nuclide has no S(a,b) data
 - Nuclide has no isomeric branching data
 - Nuclide is not fissile
 - Nuclide is not a delayed neutron precursor
 - Nuclide has no delayed neutron data
 - Nuclide has no ures ptable data
 - Nuclide temperature is not adjusted with TMS
 - Nuclide has no dosimetry data
 - Nuclide has decay data
 - Nuclide has no supplementary transmutation cross section data
 - Nuclide has no NFY data
 - Nuclide has no SFY data

 - 3 reaction channels
 - 2 special reactions
 - No transmutation reactions
 - No transmutation branch reactions
 - No decay reactions
 - No decay branch reactions
 - No transmutation paths

 3 reactions channel:

   1    MT =      2  Q =  0.00000E+00 MeV  Emin = 1.00000E-11 MeV  frac = 1.00000E+00  : elastic scattering
   2    MT =     16  Q = -2.22500E+00 MeV  Emin = 3.33929E+00 MeV  frac = 1.00000E+00  : (n,2n)
   3    MT =    102  Q =  6.25740E+00 MeV  Emin = 1.00000E-11 MeV  frac = 1.00000E+00  : (n,gamma)

 2 special reactions:

   1    MT =    203  Q =  0.00000E+00 MeV  Emin = 3.33900E+00 MeV  : total proton production
   2    MT =    205  Q =  0.00000E+00 MeV  Emin = 1.00000E-11 MeV  : total triton production

 Nuclide    5 / 16 : 1002.06s -- deuterium (H-2)

 Pointers                     : 90285 1838
 Primary type                 : Transport
 Nuclide ZAI                  : 10020
 Library ID                   : 06s
 Cross section data file      : ./jeff311/acedata/1002JEF311.ace
 Atomic weight (AW)           : 2.01410
 Atomic weight ratio (AWR)    : 1.99680
 Temperature                  : 600.0 Kelvin
 XS temperature               : 600.0 Kelvin
 Minimum and maximum energy   : 1.00000E-11 1.50000E+02
 Half-life                    : stable
 Specific ingestion toxicity  : N/A
 Specific inhalation toxicity : N/A

 - Nuclide is not involved in burnup calculation
 - Nuclide has neutron transport data
 - Nuclide has no photon transport data
 - Nuclide has inelastic S(a,b) channel between 1.00E-11 and 3.75E-06 MeV
 - Nuclide has no isomeric branching data
 - Nuclide is not fissile
 - Nuclide is not a delayed neutron precursor
 - Nuclide has no delayed neutron data
 - Nuclide has no ures ptable data
 - Nuclide temperature is not adjusted with TMS
 - Nuclide has no dosimetry data
 - Nuclide has decay data
 - Nuclide has no supplementary transmutation cross section data
 - Nuclide has no NFY data
 - Nuclide has no SFY data

 - 4 reaction channels
 - 2 special reactions
 - No transmutation reactions
 - No transmutation branch reactions
 - No decay reactions
 - No decay branch reactions
 - No transmutation paths

 4 reactions channel:

   1    MT =      2  Q =  0.00000E+00 MeV  Emin = 1.00000E-11 MeV  frac = 1.00000E+00  : elastic scattering
   2    MT =     16  Q = -2.22500E+00 MeV  Emin = 3.33929E+00 MeV  frac = 1.00000E+00  : (n,2n)
   3    MT =    102  Q =  6.25740E+00 MeV  Emin = 1.00000E-11 MeV  frac = 1.00000E+00  : (n,gamma)
   4    MT =   1004  Q =  0.00000E+00 MeV  Emin = 1.00000E-11 MeV  frac = 1.00000E+00  : S(a,b) inelastic scattering

 2 special reactions:

   1    MT =    203  Q =  0.00000E+00 MeV  Emin = 3.33900E+00 MeV  : total proton production
   2    MT =    205  Q =  0.00000E+00 MeV  Emin = 1.00000E-11 MeV  : total triton production

 Nuclide    6 / 16 : 1002.06s -- deuterium (H-2)

 Pointers                     : 91209 1838
 Primary type                 : Transport
 Nuclide ZAI                  : 10020
 Library ID                   : 06s
 Cross section data file      : ./jeff311/acedata/1002JEF311.ace
 Atomic weight (AW)           : 2.01410
 Atomic weight ratio (AWR)    : 1.99680
 Temperature                  : 600.0 Kelvin
 XS temperature               : 600.0 Kelvin
 Minimum and maximum energy   : 1.00000E-11 1.50000E+02
 Half-life                    : stable
 Specific ingestion toxicity  : N/A
 Specific inhalation toxicity : N/A

 - Nuclide is not involved in burnup calculation
 - Nuclide has neutron transport data
 - Nuclide has no photon transport data
 - Nuclide has inelastic S(a,b) channel between 1.00E-11 and 3.75E-06 MeV
 - Nuclide has no isomeric branching data
 - Nuclide is not fissile
 - Nuclide is not a delayed neutron precursor
 - Nuclide has no delayed neutron data
 - Nuclide has no ures ptable data
 - Nuclide temperature is not adjusted with TMS
 - Nuclide has no dosimetry data
 - Nuclide has decay data
 - Nuclide has no supplementary transmutation cross section data
 - Nuclide has no NFY data
 - Nuclide has no SFY data

 - 4 reaction channels
 - 2 special reactions
 - No transmutation reactions
 - No transmutation branch reactions
 - No decay reactions
 - No decay branch reactions
 - No transmutation paths

 4 reactions channel:

   1    MT =      2  Q =  0.00000E+00 MeV  Emin = 1.00000E-11 MeV  frac = 1.00000E+00  : elastic scattering
   2    MT =     16  Q = -2.22500E+00 MeV  Emin = 3.33929E+00 MeV  frac = 1.00000E+00  : (n,2n)
   3    MT =    102  Q =  6.25740E+00 MeV  Emin = 1.00000E-11 MeV  frac = 1.00000E+00  : (n,gamma)
   4    MT =   1004  Q =  0.00000E+00 MeV  Emin = 1.00000E-11 MeV  frac = 1.00000E+00  : S(a,b) inelastic scattering

 2 special reactions:

   1    MT =    203  Q =  0.00000E+00 MeV  Emin = 3.33900E+00 MeV  : total proton production
   2    MT =    205  Q =  0.00000E+00 MeV  Emin = 1.00000E-11 MeV  : total triton production

 Nuclide    7 / 16 : 5010.06c -- boron 10 (B-10)

 Pointers                     : 77949 4276
 Primary type                 : Transport
 Nuclide ZAI                  : 50100
 Library ID                   : 06c
 Cross section data file      : ./jeff311/acedata/5010JEF311.ace
 Atomic weight (AW)           : 10.01294
 Atomic weight ratio (AWR)    : 9.92692
 Temperature                  : 600.0 Kelvin
 XS temperature               : 600.0 Kelvin
 Minimum and maximum energy   : 1.00000E-11 2.00000E+01
 Half-life                    : stable
 Specific ingestion toxicity  : N/A
 Specific inhalation toxicity : N/A

 - Nuclide is not involved in burnup calculation
 - Nuclide has neutron transport data
 - Nuclide has no photon transport data
 - Nuclide has no S(a,b) data
 - Nuclide has no isomeric branching data
 - Nuclide is not fissile
 - Nuclide is not a delayed neutron precursor
 - Nuclide has no delayed neutron data
 - Nuclide has no ures ptable data
 - Nuclide temperature is not adjusted with TMS
 - Nuclide has no dosimetry data
 - Nuclide has decay data
 - Nuclide has no supplementary transmutation cross section data
 - Nuclide has no NFY data
 - Nuclide has no SFY data

 - 41 reaction channels
 - 13 special reactions
 - No transmutation reactions
 - No transmutation branch reactions
 - No decay reactions
 - No decay branch reactions
 - No transmutation paths

 41 reactions channel:

   1    MT =      2  Q =  0.00000E+00 MeV  Emin = 1.00000E-11 MeV  frac = 1.00000E+00  : elastic scattering
   2    MT =     51  Q = -7.18350E-01 MeV  Emin = 7.90714E-01 MeV  frac = 1.00000E+00  : inelastic scatt. to 1. excited state
   3    MT =     52  Q = -1.74015E+00 MeV  Emin = 1.91545E+00 MeV  frac = 1.00000E+00  : inelastic scatt. to 2. excited state
   4    MT =     53  Q = -2.15430E+00 MeV  Emin = 2.37132E+00 MeV  frac = 1.00000E+00  : inelastic scatt. to 3. excited state
   5    MT =     54  Q = -3.58710E+00 MeV  Emin = 3.94845E+00 MeV  frac = 1.00000E+00  : inelastic scatt. to 4. excited state
   6    MT =     55  Q = -4.77400E+00 MeV  Emin = 5.25491E+00 MeV  frac = 1.00000E+00  : inelastic scatt. to 5. excited state
   7    MT =     56  Q = -5.11030E+00 MeV  Emin = 5.62509E+00 MeV  frac = 1.00000E+00  : inelastic scatt. to 6. excited state
   8    MT =     57  Q = -5.16390E+00 MeV  Emin = 5.68409E+00 MeV  frac = 1.00000E+00  : inelastic scatt. to 7. excited state
   9    MT =     58  Q = -5.18000E+00 MeV  Emin = 5.70181E+00 MeV  frac = 1.00000E+00  : inelastic scatt. to 8. excited state
  10    MT =     59  Q = -5.91950E+00 MeV  Emin = 6.51581E+00 MeV  frac = 1.00000E+00  : inelastic scatt. to 9. excited state
  11    MT =     60  Q = -6.02500E+00 MeV  Emin = 6.63194E+00 MeV  frac = 1.00000E+00  : inelastic scatt. to 10. excited state
  12    MT =     61  Q = -6.12720E+00 MeV  Emin = 6.74443E+00 MeV  frac = 1.00000E+00  : inelastic scatt. to 11. excited state
  13    MT =     62  Q = -6.50000E+00 MeV  Emin = 7.15500E+00 MeV  frac = 1.00000E+00  : inelastic scatt. to 12. excited state
  14    MT =     63  Q = -7.00000E+00 MeV  Emin = 7.70515E+00 MeV  frac = 1.00000E+00  : inelastic scatt. to 13. excited state
  15    MT =     64  Q = -7.50000E+00 MeV  Emin = 8.25600E+00 MeV  frac = 1.00000E+00  : inelastic scatt. to 14. excited state
  16    MT =     65  Q = -8.00000E+00 MeV  Emin = 8.80600E+00 MeV  frac = 1.00000E+00  : inelastic scatt. to 15. excited state
  17    MT =     66  Q = -8.50000E+00 MeV  Emin = 9.35626E+00 MeV  frac = 1.00000E+00  : inelastic scatt. to 16. excited state
  18    MT =     67  Q = -9.00000E+00 MeV  Emin = 9.90700E+00 MeV  frac = 1.00000E+00  : inelastic scatt. to 17. excited state
  19    MT =     68  Q = -9.50000E+00 MeV  Emin = 1.04570E+01 MeV  frac = 1.00000E+00  : inelastic scatt. to 18. excited state
  20    MT =     69  Q = -1.00000E+01 MeV  Emin = 1.10074E+01 MeV  frac = 1.00000E+00  : inelastic scatt. to 19. excited state
  21    MT =     70  Q = -1.05000E+01 MeV  Emin = 1.15580E+01 MeV  frac = 1.00000E+00  : inelastic scatt. to 20. excited state
  22    MT =     71  Q = -1.10000E+01 MeV  Emin = 1.21081E+01 MeV  frac = 1.00000E+00  : inelastic scatt. to 21. excited state
  23    MT =     72  Q = -1.15000E+01 MeV  Emin = 1.26585E+01 MeV  frac = 1.00000E+00  : inelastic scatt. to 22. excited state
  24    MT =     73  Q = -1.20000E+01 MeV  Emin = 1.32090E+01 MeV  frac = 1.00000E+00  : inelastic scatt. to 23. excited state
  25    MT =     74  Q = -1.25000E+01 MeV  Emin = 1.37592E+01 MeV  frac = 1.00000E+00  : inelastic scatt. to 24. excited state
  26    MT =     75  Q = -1.30000E+01 MeV  Emin = 1.43100E+01 MeV  frac = 1.00000E+00  : inelastic scatt. to 25. excited state
  27    MT =     76  Q = -1.35000E+01 MeV  Emin = 1.48600E+01 MeV  frac = 1.00000E+00  : inelastic scatt. to 26. excited state
  28    MT =     77  Q = -1.40000E+01 MeV  Emin = 1.54103E+01 MeV  frac = 1.00000E+00  : inelastic scatt. to 27. excited state
  29    MT =     78  Q = -1.45000E+01 MeV  Emin = 1.59610E+01 MeV  frac = 1.00000E+00  : inelastic scatt. to 28. excited state
  30    MT =     79  Q = -1.50000E+01 MeV  Emin = 1.65111E+01 MeV  frac = 1.00000E+00  : inelastic scatt. to 29. excited state
  31    MT =     80  Q = -1.55000E+01 MeV  Emin = 1.70614E+01 MeV  frac = 1.00000E+00  : inelastic scatt. to 30. excited state
  32    MT =     81  Q = -1.60000E+01 MeV  Emin = 1.76120E+01 MeV  frac = 1.00000E+00  : inelastic scatt. to 31. excited state
  33    MT =     82  Q = -1.65000E+01 MeV  Emin = 1.81622E+01 MeV  frac = 1.00000E+00  : inelastic scatt. to 32. excited state
  34    MT =     83  Q = -1.70000E+01 MeV  Emin = 1.87130E+01 MeV  frac = 1.00000E+00  : inelastic scatt. to 33. excited state
  35    MT =     84  Q = -1.75000E+01 MeV  Emin = 1.92630E+01 MeV  frac = 1.00000E+00  : inelastic scatt. to 34. excited state
  36    MT =     85  Q = -1.80000E+01 MeV  Emin = 1.98133E+01 MeV  frac = 1.00000E+00  : inelastic scatt. to 35. excited state
  37    MT =    102  Q =  1.14560E+01 MeV  Emin = 1.00000E-11 MeV  frac = 1.00000E+00  : (n,gamma)
  38    MT =    103  Q =  2.26241E-01 MeV  Emin = 1.00000E-11 MeV  frac = 1.00000E+00  : (n,p)
  39    MT =    104  Q = -4.36100E+00 MeV  Emin = 4.80031E+00 MeV  frac = 1.00000E+00  : (n,d)
  40    MT =    107  Q =  2.79000E+00 MeV  Emin = 1.00000E-11 MeV  frac = 1.00000E+00  : (n,alpha)
  41    MT =    113  Q =  3.24000E-01 MeV  Emin = 1.00000E-11 MeV  frac = 1.00000E+00  : (n,t2alpha)

 13 special reactions:

   1    MT =    203  Q =  0.00000E+00 MeV  Emin = 1.00000E-11 MeV  : total proton production
   2    MT =    204  Q =  0.00000E+00 MeV  Emin = 4.80031E+00 MeV  : total deuteron production
   3    MT =    205  Q =  0.00000E+00 MeV  Emin = 1.00000E-11 MeV  : total triton production
   4    MT =    207  Q =  0.00000E+00 MeV  Emin = 1.00000E-11 MeV  : total alpha production
   5    MT =    600  Q =  2.26241E-01 MeV  Emin = 1.00000E-11 MeV  : (n,p) to ground state
   6    MT =    601  Q = -3.14179E+00 MeV  Emin = 3.45828E+00 MeV  : (n,p1)
   7    MT =    602  Q = -5.73215E+00 MeV  Emin = 6.30959E+00 MeV  : (n,p2)
   8    MT =    603  Q = -5.73366E+00 MeV  Emin = 6.31125E+00 MeV  : (n,p3)
   9    MT =    604  Q = -5.95306E+00 MeV  Emin = 6.55275E+00 MeV  : (n,p4)
  10    MT =    605  Q = -6.03706E+00 MeV  Emin = 6.64521E+00 MeV  : (n,p5)
  11    MT =    800  Q =  2.79000E+00 MeV  Emin = 1.00000E-11 MeV  : (n,alpha) to ground state
  12    MT =    801  Q =  2.31239E+00 MeV  Emin = 1.00000E-11 MeV  : (n,a1)
  13    MT =      4  Q =  0.00000E+00 MeV  Emin = 7.90714E-01 MeV  : total inelastic scattering

 Nuclide    8 / 16 : 5011.06c -- boron 11 (B-11)

 Pointers                     : 81939 4552
 Primary type                 : Transport
 Nuclide ZAI                  : 50110
 Library ID                   : 06c
 Cross section data file      : ./jeff311/acedata/5011JEF311.ace
 Atomic weight (AW)           : 11.00928
 Atomic weight ratio (AWR)    : 10.91470
 Temperature                  : 600.0 Kelvin
 XS temperature               : 600.0 Kelvin
 Minimum and maximum energy   : 1.00000E-11 2.00000E+01
 Half-life                    : stable
 Specific ingestion toxicity  : N/A
 Specific inhalation toxicity : N/A

 - Nuclide is not involved in burnup calculation
 - Nuclide has neutron transport data
 - Nuclide has no photon transport data
 - Nuclide has no S(a,b) data
 - Nuclide has no isomeric branching data
 - Nuclide is not fissile
 - Nuclide is not a delayed neutron precursor
 - Nuclide has no delayed neutron data
 - Nuclide has no ures ptable data
 - Nuclide temperature is not adjusted with TMS
 - Nuclide has no dosimetry data
 - Nuclide has decay data
 - Nuclide has no supplementary transmutation cross section data
 - Nuclide has no NFY data
 - Nuclide has no SFY data

 - 19 reaction channels
 - 4 special reactions
 - No transmutation reactions
 - No transmutation branch reactions
 - No decay reactions
 - No decay branch reactions
 - No transmutation paths

 19 reactions channel:

   1    MT =      2  Q =  0.00000E+00 MeV  Emin = 1.00000E-11 MeV  frac = 1.00000E+00  : elastic scattering
   2    MT =     16  Q = -1.14541E+01 MeV  Emin = 1.25036E+01 MeV  frac = 1.00000E+00  : (n,2n)
   3    MT =     22  Q = -8.66370E+00 MeV  Emin = 9.45750E+00 MeV  frac = 1.00000E+00  : (n,nalpha)
   4    MT =     28  Q = -1.12280E+01 MeV  Emin = 1.22567E+01 MeV  frac = 1.00000E+00  : (n,np)
   5    MT =     51  Q = -2.12469E+00 MeV  Emin = 2.31935E+00 MeV  frac = 1.00000E+00  : inelastic scatt. to 1. excited state
   6    MT =     52  Q = -4.44489E+00 MeV  Emin = 4.85213E+00 MeV  frac = 1.00000E+00  : inelastic scatt. to 2. excited state
   7    MT =     53  Q = -5.02031E+00 MeV  Emin = 5.48027E+00 MeV  frac = 1.00000E+00  : inelastic scatt. to 3. excited state
   8    MT =     54  Q = -6.74290E+00 MeV  Emin = 7.36070E+00 MeV  frac = 1.00000E+00  : inelastic scatt. to 4. excited state
   9    MT =     55  Q = -6.79180E+00 MeV  Emin = 7.41410E+00 MeV  frac = 1.00000E+00  : inelastic scatt. to 5. excited state
  10    MT =     56  Q = -7.28551E+00 MeV  Emin = 7.95301E+00 MeV  frac = 1.00000E+00  : inelastic scatt. to 6. excited state
  11    MT =     57  Q = -7.97784E+00 MeV  Emin = 8.70880E+00 MeV  frac = 1.00000E+00  : inelastic scatt. to 7. excited state
  12    MT =     58  Q = -8.56030E+00 MeV  Emin = 9.34460E+00 MeV  frac = 1.00000E+00  : inelastic scatt. to 8. excited state
  13    MT =     59  Q = -8.92020E+00 MeV  Emin = 9.73750E+00 MeV  frac = 1.00000E+00  : inelastic scatt. to 9. excited state
  14    MT =     60  Q = -9.18500E+00 MeV  Emin = 1.00270E+01 MeV  frac = 1.00000E+00  : inelastic scatt. to 10. excited state
  15    MT =     91  Q = -9.18500E+00 MeV  Emin = 1.00270E+01 MeV  frac = 1.00000E+00  : inelastic scattering to continuum
  16    MT =    102  Q =  3.36987E+00 MeV  Emin = 1.00000E-11 MeV  frac = 1.00000E+00  : (n,gamma)
  17    MT =    103  Q = -1.07237E+01 MeV  Emin = 1.17062E+01 MeV  frac = 1.00000E+00  : (n,p)
  18    MT =    105  Q = -9.55824E+00 MeV  Emin = 1.04340E+01 MeV  frac = 1.00000E+00  : (n,t)
  19    MT =    107  Q = -6.63095E+00 MeV  Emin = 7.23850E+00 MeV  frac = 1.00000E+00  : (n,alpha)

 4 special reactions:

   1    MT =    203  Q =  0.00000E+00 MeV  Emin = 1.17062E+01 MeV  : total proton production
   2    MT =    205  Q =  0.00000E+00 MeV  Emin = 1.04329E+01 MeV  : total triton production
   3    MT =    207  Q =  0.00000E+00 MeV  Emin = 7.23850E+00 MeV  : total alpha production
   4    MT =      4  Q =  0.00000E+00 MeV  Emin = 2.31935E+00 MeV  : total inelastic scattering

 Nuclide    9 / 16 : 8016.09c -- oxygen 16 (O-16)

 Pointers                     : 8456 5978
 Primary type                 : Transport
 Nuclide ZAI                  : 80160
 Library ID                   : 09c
 Cross section data file      : ./jeff311/acedata/8016JEF311.ace
 Atomic weight (AW)           : 15.99492
 Atomic weight ratio (AWR)    : 15.85751
 Temperature                  : 900.0 Kelvin
 XS temperature               : 900.0 Kelvin
 Minimum and maximum energy   : 1.00000E-11 1.50000E+02
 Half-life                    : stable
 Specific ingestion toxicity  : N/A
 Specific inhalation toxicity : N/A

 - Nuclide is not involved in burnup calculation
 - Nuclide has neutron transport data
 - Nuclide has no photon transport data
 - Nuclide has no S(a,b) data
 - Nuclide has no isomeric branching data
 - Nuclide is not fissile
 - Nuclide is not a delayed neutron precursor
 - Nuclide has no delayed neutron data
 - Nuclide has no ures ptable data
 - Nuclide temperature is not adjusted with TMS
 - Nuclide has no dosimetry data
 - Nuclide has decay data
 - Nuclide has no supplementary transmutation cross section data
 - Nuclide has no NFY data
 - Nuclide has no SFY data

 - 25 reaction channels
 - 44 special reactions
 - No transmutation reactions
 - No transmutation branch reactions
 - No decay reactions
 - No decay branch reactions
 - No transmutation paths

 25 reactions channel:

   1    MT =      2  Q =  0.00000E+00 MeV  Emin = 1.00000E-11 MeV  frac = 1.00000E+00  : elastic scattering
   2    MT =      5  Q =  0.00000E+00 MeV  Emin = 3.00000E+01 MeV  frac = 1.00000E+00  : anything
   3    MT =     16  Q = -1.56638E+01 MeV  Emin = 1.66516E+01 MeV  frac = 1.00000E+00  : (n,2n)
   4    MT =     22  Q = -7.16195E+00 MeV  Emin = 7.61360E+00 MeV  frac = 1.00000E+00  : (n,nalpha)
   5    MT =     23  Q = -1.44368E+01 MeV  Emin = 1.64100E+01 MeV  frac = 1.00000E+00  : (n,n3alpha)
   6    MT =     28  Q = -1.21276E+01 MeV  Emin = 1.28924E+01 MeV  frac = 1.00000E+00  : (n,np)
   7    MT =     32  Q = -2.07363E+01 MeV  Emin = 2.20440E+01 MeV  frac = 1.00000E+00  : (n,nd)
   8    MT =     41  Q = -2.29609E+01 MeV  Emin = 2.44089E+01 MeV  frac = 1.00000E+00  : (n,2np)
   9    MT =     44  Q = -2.23350E+01 MeV  Emin = 2.37435E+01 MeV  frac = 1.00000E+00  : (n,n2p)
  10    MT =     45  Q = -2.31192E+01 MeV  Emin = 2.45771E+01 MeV  frac = 1.00000E+00  : (n,npalpha)
  11    MT =     51  Q = -6.04940E+00 MeV  Emin = 6.43089E+00 MeV  frac = 1.00000E+00  : inelastic scatt. to 1. excited state
  12    MT =     52  Q = -6.12989E+00 MeV  Emin = 6.51646E+00 MeV  frac = 1.00000E+00  : inelastic scatt. to 2. excited state
  13    MT =     53  Q = -6.91710E+00 MeV  Emin = 7.35330E+00 MeV  frac = 1.00000E+00  : inelastic scatt. to 3. excited state
  14    MT =     54  Q = -7.11685E+00 MeV  Emin = 7.56565E+00 MeV  frac = 1.00000E+00  : inelastic scatt. to 4. excited state
  15    MT =     55  Q = -8.87190E+00 MeV  Emin = 9.43138E+00 MeV  frac = 1.00000E+00  : inelastic scatt. to 5. excited state
  16    MT =     56  Q = -1.09570E+01 MeV  Emin = 1.16480E+01 MeV  frac = 1.00000E+00  : inelastic scatt. to 6. excited state
  17    MT =     57  Q = -1.10800E+01 MeV  Emin = 1.17787E+01 MeV  frac = 1.00000E+00  : inelastic scatt. to 7. excited state
  18    MT =     91  Q = -9.58500E+00 MeV  Emin = 1.01895E+01 MeV  frac = 1.00000E+00  : inelastic scattering to continuum
  19    MT =    102  Q =  4.14342E+00 MeV  Emin = 1.00000E-11 MeV  frac = 1.00000E+00  : (n,gamma)
  20    MT =    103  Q = -9.63680E+00 MeV  Emin = 1.02445E+01 MeV  frac = 1.00000E+00  : (n,p)
  21    MT =    104  Q = -9.90300E+00 MeV  Emin = 1.05275E+01 MeV  frac = 1.00000E+00  : (n,d)
  22    MT =    105  Q = -1.44790E+01 MeV  Emin = 1.53921E+01 MeV  frac = 1.00000E+00  : (n,t)
  23    MT =    107  Q = -2.21430E+00 MeV  Emin = 2.35532E+00 MeV  frac = 1.00000E+00  : (n,alpha)
  24    MT =    108  Q = -1.28632E+01 MeV  Emin = 1.36744E+01 MeV  frac = 1.00000E+00  : (n,2alpha)
  25    MT =    112  Q = -1.97491E+01 MeV  Emin = 2.09945E+01 MeV  frac = 1.00000E+00  : (n,palpha)

 44 special reactions:

   1    MT =    203  Q =  0.00000E+00 MeV  Emin = 1.02445E+01 MeV  : total proton production
   2    MT =    204  Q =  0.00000E+00 MeV  Emin = 1.05275E+01 MeV  : total deuteron production
   3    MT =    205  Q =  0.00000E+00 MeV  Emin = 1.53921E+01 MeV  : total triton production
   4    MT =    207  Q =  0.00000E+00 MeV  Emin = 2.35532E+00 MeV  : total alpha production
   5    MT =    600  Q = -9.63680E+00 MeV  Emin = 1.02445E+01 MeV  : (n,p) to ground state
   6    MT =    601  Q = -9.75690E+00 MeV  Emin = 1.03722E+01 MeV  : (n,p1)
   7    MT =    602  Q = -9.93380E+00 MeV  Emin = 1.05602E+01 MeV  : (n,p2)
   8    MT =    603  Q = -1.00343E+01 MeV  Emin = 1.06671E+01 MeV  : (n,p3)
   9    MT =    650  Q = -9.90300E+00 MeV  Emin = 1.05275E+01 MeV  : (n,d) to ground state
  10    MT =    651  Q = -1.51731E+01 MeV  Emin = 1.61300E+01 MeV  : (n,d1)
  11    MT =    652  Q = -1.52018E+01 MeV  Emin = 1.61610E+01 MeV  : (n,d2)
  12    MT =    653  Q = -1.62269E+01 MeV  Emin = 1.72502E+01 MeV  : (n,d3)
  13    MT =    654  Q = -1.70581E+01 MeV  Emin = 1.81338E+01 MeV  : (n,d4)
  14    MT =    655  Q = -1.72041E+01 MeV  Emin = 1.82890E+01 MeV  : (n,d5)
  15    MT =    656  Q = -1.74701E+01 MeV  Emin = 1.85718E+01 MeV  : (n,d6)
  16    MT =    657  Q = -1.82158E+01 MeV  Emin = 1.93645E+01 MeV  : (n,d7)
  17    MT =    658  Q = -1.84744E+01 MeV  Emin = 1.96394E+01 MeV  : (n,d8)
  18    MT =    659  Q = -1.89530E+01 MeV  Emin = 2.01482E+01 MeV  : (n,d9)
  19    MT =    660  Q = -1.90546E+01 MeV  Emin = 2.02562E+01 MeV  : (n,d10)
  20    MT =    661  Q = -1.90579E+01 MeV  Emin = 2.02597E+01 MeV  : (n,d11)
  21    MT =    662  Q = -1.91280E+01 MeV  Emin = 2.03343E+01 MeV  : (n,d12)
  22    MT =    663  Q = -1.96630E+01 MeV  Emin = 2.09030E+01 MeV  : (n,d13)
  23    MT =    664  Q = -1.97320E+01 MeV  Emin = 2.09763E+01 MeV  : (n,d14)
  24    MT =    665  Q = -1.98310E+01 MeV  Emin = 2.10816E+01 MeV  : (n,d15)
  25    MT =    666  Q = -1.99730E+01 MeV  Emin = 2.12325E+01 MeV  : (n,d16)
  26    MT =    667  Q = -2.03527E+01 MeV  Emin = 2.16362E+01 MeV  : (n,d17)
  27    MT =    668  Q = -2.04363E+01 MeV  Emin = 2.17251E+01 MeV  : (n,d18)
  28    MT =    669  Q = -2.05962E+01 MeV  Emin = 2.18950E+01 MeV  : (n,d19)
  29    MT =    700  Q = -1.44790E+01 MeV  Emin = 1.53921E+01 MeV  : (n,t) to ground state
  30    MT =    701  Q = -1.67918E+01 MeV  Emin = 1.78507E+01 MeV  : (n,t1)
  31    MT =    702  Q = -1.84271E+01 MeV  Emin = 1.95892E+01 MeV  : (n,t2)
  32    MT =    703  Q = -1.93941E+01 MeV  Emin = 2.06171E+01 MeV  : (n,t3)
  33    MT =    704  Q = -1.95849E+01 MeV  Emin = 2.08200E+01 MeV  : (n,t4)
  34    MT =    705  Q = -2.01704E+01 MeV  Emin = 2.14424E+01 MeV  : (n,t5)
  35    MT =    706  Q = -2.03132E+01 MeV  Emin = 2.15942E+01 MeV  : (n,t6)
  36    MT =    707  Q = -2.06825E+01 MeV  Emin = 2.19868E+01 MeV  : (n,t7)
  37    MT =    708  Q = -2.09252E+01 MeV  Emin = 2.22448E+01 MeV  : (n,t8)
  38    MT =    709  Q = -2.15081E+01 MeV  Emin = 2.28645E+01 MeV  : (n,t9)
  39    MT =    749  Q = -2.15081E+01 MeV  Emin = 2.28645E+01 MeV  : (n,t) to continuum
  40    MT =    800  Q = -2.21430E+00 MeV  Emin = 2.35532E+00 MeV  : (n,alpha) to ground state
  41    MT =    801  Q = -5.30500E+00 MeV  Emin = 5.63954E+00 MeV  : (n,a1)
  42    MT =    802  Q = -5.90010E+00 MeV  Emin = 6.27217E+00 MeV  : (n,a2)
  43    MT =    803  Q = -6.06940E+00 MeV  Emin = 6.45215E+00 MeV  : (n,a3)
  44    MT =      4  Q =  0.00000E+00 MeV  Emin = 6.43089E+00 MeV  : total inelastic scattering

 Nuclide   10 / 16 : 8016.06c -- oxygen 16 (O-16)

 Pointers                     : 83697 5932
 Primary type                 : Transport
 Nuclide ZAI                  : 80160
 Library ID                   : 06c
 Cross section data file      : ./jeff311/acedata/8016JEF311.ace
 Atomic weight (AW)           : 15.99492
 Atomic weight ratio (AWR)    : 15.85751
 Temperature                  : 600.0 Kelvin
 XS temperature               : 600.0 Kelvin
 Minimum and maximum energy   : 1.00000E-11 1.50000E+02
 Half-life                    : stable
 Specific ingestion toxicity  : N/A
 Specific inhalation toxicity : N/A

 - Nuclide is not involved in burnup calculation
 - Nuclide has neutron transport data
 - Nuclide has no photon transport data
 - Nuclide has no S(a,b) data
 - Nuclide has no isomeric branching data
 - Nuclide is not fissile
 - Nuclide is not a delayed neutron precursor
 - Nuclide has no delayed neutron data
 - Nuclide has no ures ptable data
 - Nuclide temperature is not adjusted with TMS
 - Nuclide has no dosimetry data
 - Nuclide has decay data
 - Nuclide has no supplementary transmutation cross section data
 - Nuclide has no NFY data
 - Nuclide has no SFY data

 - 25 reaction channels
 - 44 special reactions
 - No transmutation reactions
 - No transmutation branch reactions
 - No decay reactions
 - No decay branch reactions
 - No transmutation paths

 25 reactions channel:

   1    MT =      2  Q =  0.00000E+00 MeV  Emin = 1.00000E-11 MeV  frac = 1.00000E+00  : elastic scattering
   2    MT =      5  Q =  0.00000E+00 MeV  Emin = 3.00000E+01 MeV  frac = 1.00000E+00  : anything
   3    MT =     16  Q = -1.56638E+01 MeV  Emin = 1.66516E+01 MeV  frac = 1.00000E+00  : (n,2n)
   4    MT =     22  Q = -7.16195E+00 MeV  Emin = 7.61360E+00 MeV  frac = 1.00000E+00  : (n,nalpha)
   5    MT =     23  Q = -1.44368E+01 MeV  Emin = 1.64100E+01 MeV  frac = 1.00000E+00  : (n,n3alpha)
   6    MT =     28  Q = -1.21276E+01 MeV  Emin = 1.28924E+01 MeV  frac = 1.00000E+00  : (n,np)
   7    MT =     32  Q = -2.07363E+01 MeV  Emin = 2.20440E+01 MeV  frac = 1.00000E+00  : (n,nd)
   8    MT =     41  Q = -2.29609E+01 MeV  Emin = 2.44089E+01 MeV  frac = 1.00000E+00  : (n,2np)
   9    MT =     44  Q = -2.23350E+01 MeV  Emin = 2.37435E+01 MeV  frac = 1.00000E+00  : (n,n2p)
  10    MT =     45  Q = -2.31192E+01 MeV  Emin = 2.45771E+01 MeV  frac = 1.00000E+00  : (n,npalpha)
  11    MT =     51  Q = -6.04940E+00 MeV  Emin = 6.43089E+00 MeV  frac = 1.00000E+00  : inelastic scatt. to 1. excited state
  12    MT =     52  Q = -6.12989E+00 MeV  Emin = 6.51646E+00 MeV  frac = 1.00000E+00  : inelastic scatt. to 2. excited state
  13    MT =     53  Q = -6.91710E+00 MeV  Emin = 7.35330E+00 MeV  frac = 1.00000E+00  : inelastic scatt. to 3. excited state
  14    MT =     54  Q = -7.11685E+00 MeV  Emin = 7.56565E+00 MeV  frac = 1.00000E+00  : inelastic scatt. to 4. excited state
  15    MT =     55  Q = -8.87190E+00 MeV  Emin = 9.43138E+00 MeV  frac = 1.00000E+00  : inelastic scatt. to 5. excited state
  16    MT =     56  Q = -1.09570E+01 MeV  Emin = 1.16480E+01 MeV  frac = 1.00000E+00  : inelastic scatt. to 6. excited state
  17    MT =     57  Q = -1.10800E+01 MeV  Emin = 1.17787E+01 MeV  frac = 1.00000E+00  : inelastic scatt. to 7. excited state
  18    MT =     91  Q = -9.58500E+00 MeV  Emin = 1.01895E+01 MeV  frac = 1.00000E+00  : inelastic scattering to continuum
  19    MT =    102  Q =  4.14342E+00 MeV  Emin = 1.00000E-11 MeV  frac = 1.00000E+00  : (n,gamma)
  20    MT =    103  Q = -9.63680E+00 MeV  Emin = 1.02445E+01 MeV  frac = 1.00000E+00  : (n,p)
  21    MT =    104  Q = -9.90300E+00 MeV  Emin = 1.05275E+01 MeV  frac = 1.00000E+00  : (n,d)
  22    MT =    105  Q = -1.44790E+01 MeV  Emin = 1.53921E+01 MeV  frac = 1.00000E+00  : (n,t)
  23    MT =    107  Q = -2.21430E+00 MeV  Emin = 2.35532E+00 MeV  frac = 1.00000E+00  : (n,alpha)
  24    MT =    108  Q = -1.28632E+01 MeV  Emin = 1.36744E+01 MeV  frac = 1.00000E+00  : (n,2alpha)
  25    MT =    112  Q = -1.97491E+01 MeV  Emin = 2.09945E+01 MeV  frac = 1.00000E+00  : (n,palpha)

 44 special reactions:

   1    MT =    203  Q =  0.00000E+00 MeV  Emin = 1.02445E+01 MeV  : total proton production
   2    MT =    204  Q =  0.00000E+00 MeV  Emin = 1.05275E+01 MeV  : total deuteron production
   3    MT =    205  Q =  0.00000E+00 MeV  Emin = 1.53921E+01 MeV  : total triton production
   4    MT =    207  Q =  0.00000E+00 MeV  Emin = 2.35532E+00 MeV  : total alpha production
   5    MT =    600  Q = -9.63680E+00 MeV  Emin = 1.02445E+01 MeV  : (n,p) to ground state
   6    MT =    601  Q = -9.75690E+00 MeV  Emin = 1.03722E+01 MeV  : (n,p1)
   7    MT =    602  Q = -9.93380E+00 MeV  Emin = 1.05602E+01 MeV  : (n,p2)
   8    MT =    603  Q = -1.00343E+01 MeV  Emin = 1.06671E+01 MeV  : (n,p3)
   9    MT =    650  Q = -9.90300E+00 MeV  Emin = 1.05275E+01 MeV  : (n,d) to ground state
  10    MT =    651  Q = -1.51731E+01 MeV  Emin = 1.61300E+01 MeV  : (n,d1)
  11    MT =    652  Q = -1.52018E+01 MeV  Emin = 1.61610E+01 MeV  : (n,d2)
  12    MT =    653  Q = -1.62269E+01 MeV  Emin = 1.72502E+01 MeV  : (n,d3)
  13    MT =    654  Q = -1.70581E+01 MeV  Emin = 1.81338E+01 MeV  : (n,d4)
  14    MT =    655  Q = -1.72041E+01 MeV  Emin = 1.82890E+01 MeV  : (n,d5)
  15    MT =    656  Q = -1.74701E+01 MeV  Emin = 1.85718E+01 MeV  : (n,d6)
  16    MT =    657  Q = -1.82158E+01 MeV  Emin = 1.93645E+01 MeV  : (n,d7)
  17    MT =    658  Q = -1.84744E+01 MeV  Emin = 1.96394E+01 MeV  : (n,d8)
  18    MT =    659  Q = -1.89530E+01 MeV  Emin = 2.01482E+01 MeV  : (n,d9)
  19    MT =    660  Q = -1.90546E+01 MeV  Emin = 2.02562E+01 MeV  : (n,d10)
  20    MT =    661  Q = -1.90579E+01 MeV  Emin = 2.02597E+01 MeV  : (n,d11)
  21    MT =    662  Q = -1.91280E+01 MeV  Emin = 2.03343E+01 MeV  : (n,d12)
  22    MT =    663  Q = -1.96630E+01 MeV  Emin = 2.09030E+01 MeV  : (n,d13)
  23    MT =    664  Q = -1.97320E+01 MeV  Emin = 2.09763E+01 MeV  : (n,d14)
  24    MT =    665  Q = -1.98310E+01 MeV  Emin = 2.10816E+01 MeV  : (n,d15)
  25    MT =    666  Q = -1.99730E+01 MeV  Emin = 2.12325E+01 MeV  : (n,d16)
  26    MT =    667  Q = -2.03527E+01 MeV  Emin = 2.16362E+01 MeV  : (n,d17)
  27    MT =    668  Q = -2.04363E+01 MeV  Emin = 2.17251E+01 MeV  : (n,d18)
  28    MT =    669  Q = -2.05962E+01 MeV  Emin = 2.18950E+01 MeV  : (n,d19)
  29    MT =    700  Q = -1.44790E+01 MeV  Emin = 1.53921E+01 MeV  : (n,t) to ground state
  30    MT =    701  Q = -1.67918E+01 MeV  Emin = 1.78507E+01 MeV  : (n,t1)
  31    MT =    702  Q = -1.84271E+01 MeV  Emin = 1.95892E+01 MeV  : (n,t2)
  32    MT =    703  Q = -1.93941E+01 MeV  Emin = 2.06171E+01 MeV  : (n,t3)
  33    MT =    704  Q = -1.95849E+01 MeV  Emin = 2.08200E+01 MeV  : (n,t4)
  34    MT =    705  Q = -2.01704E+01 MeV  Emin = 2.14424E+01 MeV  : (n,t5)
  35    MT =    706  Q = -2.03132E+01 MeV  Emin = 2.15942E+01 MeV  : (n,t6)
  36    MT =    707  Q = -2.06825E+01 MeV  Emin = 2.19868E+01 MeV  : (n,t7)
  37    MT =    708  Q = -2.09252E+01 MeV  Emin = 2.22448E+01 MeV  : (n,t8)
  38    MT =    709  Q = -2.15081E+01 MeV  Emin = 2.28645E+01 MeV  : (n,t9)
  39    MT =    749  Q = -2.15081E+01 MeV  Emin = 2.28645E+01 MeV  : (n,t) to continuum
  40    MT =    800  Q = -2.21430E+00 MeV  Emin = 2.35532E+00 MeV  : (n,alpha) to ground state
  41    MT =    801  Q = -5.30500E+00 MeV  Emin = 5.63954E+00 MeV  : (n,a1)
  42    MT =    802  Q = -5.90010E+00 MeV  Emin = 6.27217E+00 MeV  : (n,a2)
  43    MT =    803  Q = -6.06940E+00 MeV  Emin = 6.45215E+00 MeV  : (n,a3)
  44    MT =      4  Q =  0.00000E+00 MeV  Emin = 6.43089E+00 MeV  : total inelastic scattering

 Nuclide   11 / 16 : 24000.06c -- natural chromium (Cr-nat)

 Pointers                     : 72057 18628
 Primary type                 : Transport
 Nuclide ZAI                  : 240000
 Library ID                   : 06c
 Cross section data file      : ./jeff311/acedata/24000JNDL32.ace
 Atomic weight (AW)           : 51.99587
 Atomic weight ratio (AWR)    : 51.54920
 Temperature                  : 600.0 Kelvin
 XS temperature               : 600.0 Kelvin
 Minimum and maximum energy   : 1.00000E-11 2.00000E+01
 Half-life                    : N/A
 Specific ingestion toxicity  : N/A
 Specific inhalation toxicity : N/A

 - Nuclide is not involved in burnup calculation
 - Nuclide has neutron transport data
 - Nuclide has no photon transport data
 - Nuclide has no S(a,b) data
 - Nuclide has no isomeric branching data
 - Nuclide is not fissile
 - Nuclide is not a delayed neutron precursor
 - Nuclide has no delayed neutron data
 - Nuclide has no ures ptable data
 - Nuclide temperature is not adjusted with TMS
 - Nuclide has no dosimetry data
 - Nuclide has no decay data
 - Nuclide has no supplementary transmutation cross section data
 - Nuclide has no NFY data
 - Nuclide has no SFY data

 - 48 reaction channels
 - 3 special reactions
 - No transmutation reactions
 - No transmutation branch reactions
 - No decay reactions
 - No decay branch reactions
 - No transmutation paths

 48 reactions channel:

   1    MT =      2  Q =  0.00000E+00 MeV  Emin = 1.00000E-11 MeV  frac = 1.00000E+00  : elastic scattering
   2    MT =     16  Q = -7.93778E+00 MeV  Emin = 8.09178E+00 MeV  frac = 1.00000E+00  : (n,2n)
   3    MT =     22  Q = -7.91819E+00 MeV  Emin = 8.07181E+00 MeV  frac = 1.00000E+00  : (n,nalpha)
   4    MT =     28  Q = -9.59630E+00 MeV  Emin = 9.78247E+00 MeV  frac = 1.00000E+00  : (n,np)
   5    MT =     51  Q = -5.63808E-01 MeV  Emin = 5.74746E-01 MeV  frac = 1.00000E+00  : inelastic scatt. to 1. excited state
   6    MT =     52  Q = -7.83882E-01 MeV  Emin = 7.99090E-01 MeV  frac = 1.00000E+00  : inelastic scatt. to 2. excited state
   7    MT =     53  Q = -8.34294E-01 MeV  Emin = 8.50480E-01 MeV  frac = 1.00000E+00  : inelastic scatt. to 3. excited state
   8    MT =     54  Q = -1.00595E+00 MeV  Emin = 1.02547E+00 MeV  frac = 1.00000E+00  : inelastic scatt. to 4. excited state
   9    MT =     55  Q = -1.28906E+00 MeV  Emin = 1.31407E+00 MeV  frac = 1.00000E+00  : inelastic scatt. to 5. excited state
  10    MT =     56  Q = -1.43398E+00 MeV  Emin = 1.46180E+00 MeV  frac = 1.00000E+00  : inelastic scatt. to 6. excited state
  11    MT =     57  Q = -1.53608E+00 MeV  Emin = 1.56588E+00 MeV  frac = 1.00000E+00  : inelastic scatt. to 7. excited state
  12    MT =     58  Q = -1.82235E+00 MeV  Emin = 1.85770E+00 MeV  frac = 1.00000E+00  : inelastic scatt. to 8. excited state
  13    MT =     59  Q = -1.88278E+00 MeV  Emin = 1.91931E+00 MeV  frac = 1.00000E+00  : inelastic scatt. to 9. excited state
  14    MT =     60  Q = -1.97283E+00 MeV  Emin = 2.01110E+00 MeV  frac = 1.00000E+00  : inelastic scatt. to 10. excited state
  15    MT =     61  Q = -2.17166E+00 MeV  Emin = 2.21379E+00 MeV  frac = 1.00000E+00  : inelastic scatt. to 11. excited state
  16    MT =     62  Q = -2.23224E+00 MeV  Emin = 2.27554E+00 MeV  frac = 1.00000E+00  : inelastic scatt. to 12. excited state
  17    MT =     63  Q = -2.32001E+00 MeV  Emin = 2.36502E+00 MeV  frac = 1.00000E+00  : inelastic scatt. to 13. excited state
  18    MT =     64  Q = -2.36953E+00 MeV  Emin = 2.41550E+00 MeV  frac = 1.00000E+00  : inelastic scatt. to 14. excited state
  19    MT =     65  Q = -2.45227E+00 MeV  Emin = 2.49984E+00 MeV  frac = 1.00000E+00  : inelastic scatt. to 15. excited state
  20    MT =     66  Q = -2.61771E+00 MeV  Emin = 2.66849E+00 MeV  frac = 1.00000E+00  : inelastic scatt. to 16. excited state
  21    MT =     67  Q = -2.64705E+00 MeV  Emin = 2.69840E+00 MeV  frac = 1.00000E+00  : inelastic scatt. to 17. excited state
  22    MT =     68  Q = -2.66859E+00 MeV  Emin = 2.72036E+00 MeV  frac = 1.00000E+00  : inelastic scatt. to 18. excited state
  23    MT =     69  Q = -2.76776E+00 MeV  Emin = 2.82145E+00 MeV  frac = 1.00000E+00  : inelastic scatt. to 19. excited state
  24    MT =     70  Q = -2.77105E+00 MeV  Emin = 2.82481E+00 MeV  frac = 1.00000E+00  : inelastic scatt. to 20. excited state
  25    MT =     71  Q = -2.82563E+00 MeV  Emin = 2.88045E+00 MeV  frac = 1.00000E+00  : inelastic scatt. to 21. excited state
  26    MT =     72  Q = -2.82735E+00 MeV  Emin = 2.88220E+00 MeV  frac = 1.00000E+00  : inelastic scatt. to 22. excited state
  27    MT =     73  Q = -2.92672E+00 MeV  Emin = 2.98350E+00 MeV  frac = 1.00000E+00  : inelastic scatt. to 23. excited state
  28    MT =     74  Q = -2.96479E+00 MeV  Emin = 3.02230E+00 MeV  frac = 1.00000E+00  : inelastic scatt. to 24. excited state
  29    MT =     75  Q = -2.99198E+00 MeV  Emin = 3.05002E+00 MeV  frac = 1.00000E+00  : inelastic scatt. to 25. excited state
  30    MT =     76  Q = -3.07171E+00 MeV  Emin = 3.13130E+00 MeV  frac = 1.00000E+00  : inelastic scatt. to 26. excited state
  31    MT =     77  Q = -3.11379E+00 MeV  Emin = 3.17420E+00 MeV  frac = 1.00000E+00  : inelastic scatt. to 27. excited state
  32    MT =     78  Q = -3.15774E+00 MeV  Emin = 3.21900E+00 MeV  frac = 1.00000E+00  : inelastic scatt. to 28. excited state
  33    MT =     79  Q = -3.16110E+00 MeV  Emin = 3.22242E+00 MeV  frac = 1.00000E+00  : inelastic scatt. to 29. excited state
  34    MT =     80  Q = -3.16167E+00 MeV  Emin = 3.22300E+00 MeV  frac = 1.00000E+00  : inelastic scatt. to 30. excited state
  35    MT =     81  Q = -3.32729E+00 MeV  Emin = 3.39184E+00 MeV  frac = 1.00000E+00  : inelastic scatt. to 31. excited state
  36    MT =     82  Q = -3.41526E+00 MeV  Emin = 3.48152E+00 MeV  frac = 1.00000E+00  : inelastic scatt. to 32. excited state
  37    MT =     83  Q = -3.47226E+00 MeV  Emin = 3.53963E+00 MeV  frac = 1.00000E+00  : inelastic scatt. to 33. excited state
  38    MT =     84  Q = -3.61586E+00 MeV  Emin = 3.68602E+00 MeV  frac = 1.00000E+00  : inelastic scatt. to 34. excited state
  39    MT =     85  Q = -3.70006E+00 MeV  Emin = 3.77185E+00 MeV  frac = 1.00000E+00  : inelastic scatt. to 35. excited state
  40    MT =     86  Q = -3.77176E+00 MeV  Emin = 3.84494E+00 MeV  frac = 1.00000E+00  : inelastic scatt. to 36. excited state
  41    MT =     87  Q = -3.94607E+00 MeV  Emin = 4.02263E+00 MeV  frac = 1.00000E+00  : inelastic scatt. to 37. excited state
  42    MT =     88  Q = -4.01547E+00 MeV  Emin = 4.09338E+00 MeV  frac = 1.00000E+00  : inelastic scatt. to 38. excited state
  43    MT =     89  Q = -4.56297E+00 MeV  Emin = 4.65150E+00 MeV  frac = 1.00000E+00  : inelastic scatt. to 39. excited state
  44    MT =     90  Q = -4.62708E+00 MeV  Emin = 4.71685E+00 MeV  frac = 1.00000E+00  : inelastic scatt. to 40. excited state
  45    MT =     91  Q = -3.04896E+00 MeV  Emin = 3.10811E+00 MeV  frac = 1.00000E+00  : inelastic scattering to continuum
  46    MT =    102  Q =  9.23569E+00 MeV  Emin = 1.00000E-11 MeV  frac = 1.00000E+00  : (n,gamma)
  47    MT =    103  Q = -2.56731E-01 MeV  Emin = 2.61711E-01 MeV  frac = 1.00000E+00  : (n,p)
  48    MT =    107  Q =  1.79655E+00 MeV  Emin = 1.57547E+00 MeV  frac = 1.00000E+00  : (n,alpha)

 3 special reactions:

   1    MT =    203  Q =  0.00000E+00 MeV  Emin = 2.61711E-01 MeV  : total proton production
   2    MT =    207  Q =  0.00000E+00 MeV  Emin = 1.57547E+00 MeV  : total alpha production
   3    MT =      4  Q =  0.00000E+00 MeV  Emin = 5.74746E-01 MeV  : total inelastic scattering

 Nuclide   12 / 16 : 25055.06c -- manganese 55 (Mn-55)

 Pointers                     : 65229 20008
 Primary type                 : Transport
 Nuclide ZAI                  : 250550
 Library ID                   : 06c
 Cross section data file      : ./jeff311/acedata/25055JEF311.ace
 Atomic weight (AW)           : 54.93805
 Atomic weight ratio (AWR)    : 54.46610
 Temperature                  : 600.0 Kelvin
 XS temperature               : 600.0 Kelvin
 Minimum and maximum energy   : 1.00000E-11 2.00000E+01
 Half-life                    : stable
 Specific ingestion toxicity  : N/A
 Specific inhalation toxicity : N/A

 - Nuclide is not involved in burnup calculation
 - Nuclide has neutron transport data
 - Nuclide has no photon transport data
 - Nuclide has no S(a,b) data
 - Nuclide has no isomeric branching data
 - Nuclide is not fissile
 - Nuclide is not a delayed neutron precursor
 - Nuclide has no delayed neutron data
 - Nuclide has no ures ptable data
 - Nuclide temperature is not adjusted with TMS
 - Nuclide has no dosimetry data
 - Nuclide has decay data
 - Nuclide has no supplementary transmutation cross section data
 - Nuclide has no NFY data
 - Nuclide has no SFY data

 - 27 reaction channels
 - 6 special reactions
 - No transmutation reactions
 - No transmutation branch reactions
 - No decay reactions
 - No decay branch reactions
 - No transmutation paths

 27 reactions channel:

   1    MT =      2  Q =  0.00000E+00 MeV  Emin = 1.00000E-11 MeV  frac = 1.00000E+00  : elastic scattering
   2    MT =     16  Q = -1.02270E+01 MeV  Emin = 1.04148E+01 MeV  frac = 1.00000E+00  : (n,2n)
   3    MT =     22  Q = -7.93579E+00 MeV  Emin = 8.08150E+00 MeV  frac = 1.00000E+00  : (n,nalpha)
   4    MT =     28  Q = -8.06789E+00 MeV  Emin = 8.21602E+00 MeV  frac = 1.00000E+00  : (n,np)
   5    MT =     51  Q = -1.26000E-01 MeV  Emin = 1.28313E-01 MeV  frac = 1.00000E+00  : inelastic scatt. to 1. excited state
   6    MT =     52  Q = -9.83999E-01 MeV  Emin = 1.00207E+00 MeV  frac = 1.00000E+00  : inelastic scatt. to 2. excited state
   7    MT =     53  Q = -1.29000E+00 MeV  Emin = 1.31368E+00 MeV  frac = 1.00000E+00  : inelastic scatt. to 3. excited state
   8    MT =     54  Q = -1.29200E+00 MeV  Emin = 1.31572E+00 MeV  frac = 1.00000E+00  : inelastic scatt. to 4. excited state
   9    MT =     55  Q = -1.29300E+00 MeV  Emin = 1.31674E+00 MeV  frac = 1.00000E+00  : inelastic scatt. to 5. excited state
  10    MT =     56  Q = -1.52800E+00 MeV  Emin = 1.55605E+00 MeV  frac = 1.00000E+00  : inelastic scatt. to 6. excited state
  11    MT =     57  Q = -1.88400E+00 MeV  Emin = 1.91859E+00 MeV  frac = 1.00000E+00  : inelastic scatt. to 7. excited state
  12    MT =     58  Q = -2.01500E+00 MeV  Emin = 2.05200E+00 MeV  frac = 1.00000E+00  : inelastic scatt. to 8. excited state
  13    MT =     59  Q = -2.19800E+00 MeV  Emin = 2.23836E+00 MeV  frac = 1.00000E+00  : inelastic scatt. to 9. excited state
  14    MT =     60  Q = -2.21500E+00 MeV  Emin = 2.25567E+00 MeV  frac = 1.00000E+00  : inelastic scatt. to 10. excited state
  15    MT =     61  Q = -2.25200E+00 MeV  Emin = 2.29335E+00 MeV  frac = 1.00000E+00  : inelastic scatt. to 11. excited state
  16    MT =     62  Q = -2.26700E+00 MeV  Emin = 2.30862E+00 MeV  frac = 1.00000E+00  : inelastic scatt. to 12. excited state
  17    MT =     63  Q = -2.31200E+00 MeV  Emin = 2.35445E+00 MeV  frac = 1.00000E+00  : inelastic scatt. to 13. excited state
  18    MT =     64  Q = -2.36600E+00 MeV  Emin = 2.40944E+00 MeV  frac = 1.00000E+00  : inelastic scatt. to 14. excited state
  19    MT =     65  Q = -2.39800E+00 MeV  Emin = 2.44203E+00 MeV  frac = 1.00000E+00  : inelastic scatt. to 15. excited state
  20    MT =     66  Q = -2.42700E+00 MeV  Emin = 2.47156E+00 MeV  frac = 1.00000E+00  : inelastic scatt. to 16. excited state
  21    MT =     91  Q = -3.04600E+00 MeV  Emin = 3.10193E+00 MeV  frac = 1.00000E+00  : inelastic scattering to continuum
  22    MT =    102  Q =  7.27053E+00 MeV  Emin = 1.00000E-11 MeV  frac = 1.00000E+00  : (n,gamma)
  23    MT =    103  Q = -1.82120E+00 MeV  Emin = 1.85464E+00 MeV  frac = 1.00000E+00  : (n,p)
  24    MT =    104  Q = -5.84329E+00 MeV  Emin = 8.00000E+00 MeV  frac = 1.00000E+00  : (n,d)
  25    MT =    105  Q = -9.30499E+00 MeV  Emin = 1.15000E+01 MeV  frac = 1.00000E+00  : (n,t)
  26    MT =    106  Q = -1.27070E+01 MeV  Emin = 1.40000E+01 MeV  frac = 1.00000E+00  : (n,He-3)
  27    MT =    107  Q = -6.24299E-01 MeV  Emin = 6.35762E-01 MeV  frac = 1.00000E+00  : (n,alpha)

 6 special reactions:

   1    MT =    203  Q =  0.00000E+00 MeV  Emin = 1.85420E+00 MeV  : total proton production
   2    MT =    204  Q =  0.00000E+00 MeV  Emin = 8.00000E+00 MeV  : total deuteron production
   3    MT =    205  Q =  0.00000E+00 MeV  Emin = 1.15000E+01 MeV  : total triton production
   4    MT =    206  Q =  0.00000E+00 MeV  Emin = 1.40000E+01 MeV  : total He-3 production
   5    MT =    207  Q =  0.00000E+00 MeV  Emin = 6.35762E-01 MeV  : total alpha production
   6    MT =      4  Q =  0.00000E+00 MeV  Emin = 1.28313E-01 MeV  : total inelastic scattering

 Nuclide   13 / 16 : 28000.06c -- natural nickel (Ni-nat)

 Pointers                     : 67707 22492
 Primary type                 : Transport
 Nuclide ZAI                  : 280000
 Library ID                   : 06c
 Cross section data file      : ./jeff311/acedata/28000JNDL32.ace
 Atomic weight (AW)           : 58.68796
 Atomic weight ratio (AWR)    : 58.18380
 Temperature                  : 600.0 Kelvin
 XS temperature               : 600.0 Kelvin
 Minimum and maximum energy   : 1.00000E-11 2.00000E+01
 Half-life                    : N/A
 Specific ingestion toxicity  : N/A
 Specific inhalation toxicity : N/A

 - Nuclide is not involved in burnup calculation
 - Nuclide has neutron transport data
 - Nuclide has no photon transport data
 - Nuclide has no S(a,b) data
 - Nuclide has no isomeric branching data
 - Nuclide is not fissile
 - Nuclide is not a delayed neutron precursor
 - Nuclide has no delayed neutron data
 - Nuclide has no ures ptable data
 - Nuclide temperature is not adjusted with TMS
 - Nuclide has no dosimetry data
 - Nuclide has no decay data
 - Nuclide has no supplementary transmutation cross section data
 - Nuclide has no NFY data
 - Nuclide has no SFY data

 - 53 reaction channels
 - 6 special reactions
 - No transmutation reactions
 - No transmutation branch reactions
 - No decay reactions
 - No decay branch reactions
 - No transmutation paths

 53 reactions channel:

   1    MT =      2  Q =  0.00000E+00 MeV  Emin = 1.00000E-11 MeV  frac = 1.00000E+00  : elastic scattering
   2    MT =     16  Q = -7.82014E+00 MeV  Emin = 8.00000E+00 MeV  frac = 1.00000E+00  : (n,2n)
   3    MT =     17  Q = -1.64818E+01 MeV  Emin = 1.67651E+01 MeV  frac = 1.00000E+00  : (n,3n)
   4    MT =     22  Q = -6.29252E+00 MeV  Emin = 6.56896E+00 MeV  frac = 1.00000E+00  : (n,nalpha)
   5    MT =     28  Q = -8.17901E+00 MeV  Emin = 9.00000E+00 MeV  frac = 1.00000E+00  : (n,np)
   6    MT =     51  Q = -6.73580E-02 MeV  Emin = 6.85158E-02 MeV  frac = 1.00000E+00  : inelastic scatt. to 1. excited state
   7    MT =     52  Q = -2.82824E-01 MeV  Emin = 2.87685E-01 MeV  frac = 1.00000E+00  : inelastic scatt. to 2. excited state
   8    MT =     53  Q = -6.55591E-01 MeV  Emin = 6.66860E-01 MeV  frac = 1.00000E+00  : inelastic scatt. to 3. excited state
   9    MT =     54  Q = -9.08233E-01 MeV  Emin = 9.23844E-01 MeV  frac = 1.00000E+00  : inelastic scatt. to 4. excited state
  10    MT =     55  Q = -1.01437E+00 MeV  Emin = 1.03181E+00 MeV  frac = 1.00000E+00  : inelastic scatt. to 5. excited state
  11    MT =     56  Q = -1.33204E+00 MeV  Emin = 1.35494E+00 MeV  frac = 1.00000E+00  : inelastic scatt. to 6. excited state
  12    MT =     57  Q = -1.34404E+00 MeV  Emin = 1.36714E+00 MeV  frac = 1.00000E+00  : inelastic scatt. to 7. excited state
  13    MT =     58  Q = -1.45482E+00 MeV  Emin = 1.47982E+00 MeV  frac = 1.00000E+00  : inelastic scatt. to 8. excited state
  14    MT =     59  Q = -1.45710E+00 MeV  Emin = 1.48214E+00 MeV  frac = 1.00000E+00  : inelastic scatt. to 9. excited state
  15    MT =     60  Q = -1.72873E+00 MeV  Emin = 1.75844E+00 MeV  frac = 1.00000E+00  : inelastic scatt. to 10. excited state
  16    MT =     61  Q = -1.97676E+00 MeV  Emin = 2.01074E+00 MeV  frac = 1.00000E+00  : inelastic scatt. to 11. excited state
  17    MT =     62  Q = -2.00175E+00 MeV  Emin = 2.03616E+00 MeV  frac = 1.00000E+00  : inelastic scatt. to 12. excited state
  18    MT =     63  Q = -2.15804E+00 MeV  Emin = 2.19513E+00 MeV  frac = 1.00000E+00  : inelastic scatt. to 13. excited state
  19    MT =     64  Q = -2.27185E+00 MeV  Emin = 2.31090E+00 MeV  frac = 1.00000E+00  : inelastic scatt. to 14. excited state
  20    MT =     65  Q = -2.28410E+00 MeV  Emin = 2.32336E+00 MeV  frac = 1.00000E+00  : inelastic scatt. to 15. excited state
  21    MT =     66  Q = -2.29976E+00 MeV  Emin = 2.33929E+00 MeV  frac = 1.00000E+00  : inelastic scatt. to 16. excited state
  22    MT =     67  Q = -2.45964E+00 MeV  Emin = 2.50191E+00 MeV  frac = 1.00000E+00  : inelastic scatt. to 17. excited state
  23    MT =     68  Q = -2.50492E+00 MeV  Emin = 2.54797E+00 MeV  frac = 1.00000E+00  : inelastic scatt. to 18. excited state
  24    MT =     69  Q = -2.62508E+00 MeV  Emin = 2.67020E+00 MeV  frac = 1.00000E+00  : inelastic scatt. to 19. excited state
  25    MT =     70  Q = -2.77611E+00 MeV  Emin = 2.82382E+00 MeV  frac = 1.00000E+00  : inelastic scatt. to 20. excited state
  26    MT =     71  Q = -2.86103E+00 MeV  Emin = 2.91020E+00 MeV  frac = 1.00000E+00  : inelastic scatt. to 21. excited state
  27    MT =     72  Q = -2.90243E+00 MeV  Emin = 2.95232E+00 MeV  frac = 1.00000E+00  : inelastic scatt. to 22. excited state
  28    MT =     73  Q = -2.96689E+00 MeV  Emin = 3.01788E+00 MeV  frac = 1.00000E+00  : inelastic scatt. to 23. excited state
  29    MT =     74  Q = -3.03827E+00 MeV  Emin = 3.09049E+00 MeV  frac = 1.00000E+00  : inelastic scatt. to 24. excited state
  30    MT =     75  Q = -3.11871E+00 MeV  Emin = 3.17231E+00 MeV  frac = 1.00000E+00  : inelastic scatt. to 25. excited state
  31    MT =     76  Q = -3.15521E+00 MeV  Emin = 3.20944E+00 MeV  frac = 1.00000E+00  : inelastic scatt. to 26. excited state
  32    MT =     77  Q = -3.18498E+00 MeV  Emin = 3.23972E+00 MeV  frac = 1.00000E+00  : inelastic scatt. to 27. excited state
  33    MT =     78  Q = -3.25482E+00 MeV  Emin = 3.31076E+00 MeV  frac = 1.00000E+00  : inelastic scatt. to 28. excited state
  34    MT =     79  Q = -3.26412E+00 MeV  Emin = 3.32022E+00 MeV  frac = 1.00000E+00  : inelastic scatt. to 29. excited state
  35    MT =     80  Q = -3.26701E+00 MeV  Emin = 3.32316E+00 MeV  frac = 1.00000E+00  : inelastic scatt. to 30. excited state
  36    MT =     81  Q = -3.42104E+00 MeV  Emin = 3.47985E+00 MeV  frac = 1.00000E+00  : inelastic scatt. to 31. excited state
  37    MT =     82  Q = -3.45420E+00 MeV  Emin = 3.51358E+00 MeV  frac = 1.00000E+00  : inelastic scatt. to 32. excited state
  38    MT =     83  Q = -3.52476E+00 MeV  Emin = 3.58535E+00 MeV  frac = 1.00000E+00  : inelastic scatt. to 33. excited state
  39    MT =     84  Q = -3.59418E+00 MeV  Emin = 3.65596E+00 MeV  frac = 1.00000E+00  : inelastic scatt. to 34. excited state
  40    MT =     85  Q = -3.64194E+00 MeV  Emin = 3.70454E+00 MeV  frac = 1.00000E+00  : inelastic scatt. to 35. excited state
  41    MT =     86  Q = -3.77521E+00 MeV  Emin = 3.84011E+00 MeV  frac = 1.00000E+00  : inelastic scatt. to 36. excited state
  42    MT =     87  Q = -3.80271E+00 MeV  Emin = 3.86808E+00 MeV  frac = 1.00000E+00  : inelastic scatt. to 37. excited state
  43    MT =     88  Q = -3.89914E+00 MeV  Emin = 3.96617E+00 MeV  frac = 1.00000E+00  : inelastic scatt. to 38. excited state
  44    MT =     89  Q = -4.03827E+00 MeV  Emin = 4.10769E+00 MeV  frac = 1.00000E+00  : inelastic scatt. to 39. excited state
  45    MT =     90  Q = -4.47628E+00 MeV  Emin = 4.55322E+00 MeV  frac = 1.00000E+00  : inelastic scatt. to 40. excited state
  46    MT =     91  Q = -2.52800E+00 MeV  Emin = 2.57145E+00 MeV  frac = 1.00000E+00  : inelastic scattering to continuum
  47    MT =    102  Q =  1.05980E+01 MeV  Emin = 1.00000E-11 MeV  frac = 1.00000E+00  : (n,gamma)
  48    MT =    103  Q =  4.02199E-01 MeV  Emin = 1.00000E-01 MeV  frac = 1.00000E+00  : (n,p)
  49    MT =    104  Q = -5.86376E+00 MeV  Emin = 7.34895E+00 MeV  frac = 1.00000E+00  : (n,d)
  50    MT =    105  Q = -8.86164E+00 MeV  Emin = 9.01395E+00 MeV  frac = 1.00000E+00  : (n,t)
  51    MT =    106  Q = -6.47745E+00 MeV  Emin = 1.10000E+01 MeV  frac = 1.00000E+00  : (n,He-3)
  52    MT =    107  Q =  3.58690E+00 MeV  Emin = 1.00000E-11 MeV  frac = 1.00000E+00  : (n,alpha)
  53    MT =    111  Q = -6.55791E+00 MeV  Emin = 1.05000E+01 MeV  frac = 1.00000E+00  : (n,2p)

 6 special reactions:

   1    MT =    203  Q =  0.00000E+00 MeV  Emin = 1.00000E-01 MeV  : total proton production
   2    MT =    204  Q =  0.00000E+00 MeV  Emin = 7.34055E+00 MeV  : total deuteron production
   3    MT =    205  Q =  0.00000E+00 MeV  Emin = 9.01395E+00 MeV  : total triton production
   4    MT =    206  Q =  0.00000E+00 MeV  Emin = 1.10000E+01 MeV  : total He-3 production
   5    MT =    207  Q =  0.00000E+00 MeV  Emin = 1.00000E-11 MeV  : total alpha production
   6    MT =      4  Q =  0.00000E+00 MeV  Emin = 6.85158E-02 MeV  : total inelastic scattering

 Nuclide   14 / 16 : 40000.06c -- natural zirconium (Zr-nat)

 Pointers                     : 75831 36568
 Primary type                 : Transport
 Nuclide ZAI                  : 400000
 Library ID                   : 06c
 Cross section data file      : ./jeff311/acedata/40000ENDF68.ace
 Atomic weight (AW)           : 91.21962
 Atomic weight ratio (AWR)    : 90.43600
 Temperature                  : 600.0 Kelvin
 XS temperature               : 600.0 Kelvin
 Minimum and maximum energy   : 1.00000E-11 2.00000E+01
 Half-life                    : N/A
 Specific ingestion toxicity  : N/A
 Specific inhalation toxicity : N/A

 - Nuclide is not involved in burnup calculation
 - Nuclide has neutron transport data
 - Nuclide has no photon transport data
 - Nuclide has no S(a,b) data
 - Nuclide has no isomeric branching data
 - Nuclide is not fissile
 - Nuclide is not a delayed neutron precursor
 - Nuclide has no delayed neutron data
 - Nuclide has ures ptable data but it is not used
 - Nuclide temperature is not adjusted with TMS
 - Nuclide has no dosimetry data
 - Nuclide has no decay data
 - Nuclide has no supplementary transmutation cross section data
 - Nuclide has no NFY data
 - Nuclide has no SFY data

 - 25 reaction channels
 - 3 special reactions
 - No transmutation reactions
 - No transmutation branch reactions
 - No decay reactions
 - No decay branch reactions
 - No transmutation paths

 25 reactions channel:

   1    MT =      2  Q =  0.00000E+00 MeV  Emin = 1.00000E-11 MeV  frac = 1.00000E+00  : elastic scattering
   2    MT =     16  Q = -7.19000E+00 MeV  Emin = 7.27000E+00 MeV  frac = 1.00000E+00  : (n,2n)
   3    MT =     51  Q = -9.18200E-01 MeV  Emin = 9.28353E-01 MeV  frac = 1.00000E+00  : inelastic scatt. to 1. excited state
   4    MT =     52  Q = -9.34500E-01 MeV  Emin = 9.44833E-01 MeV  frac = 1.00000E+00  : inelastic scatt. to 2. excited state
   5    MT =     53  Q = -1.20490E+00 MeV  Emin = 1.21830E+00 MeV  frac = 1.00000E+00  : inelastic scatt. to 3. excited state
   6    MT =     54  Q = -1.30000E+00 MeV  Emin = 1.31438E+00 MeV  frac = 1.00000E+00  : inelastic scatt. to 4. excited state
   7    MT =     55  Q = -1.38000E+00 MeV  Emin = 1.39526E+00 MeV  frac = 1.00000E+00  : inelastic scatt. to 5. excited state
   8    MT =     56  Q = -1.46000E+00 MeV  Emin = 1.47615E+00 MeV  frac = 1.00000E+00  : inelastic scatt. to 6. excited state
   9    MT =     57  Q = -1.66900E+00 MeV  Emin = 1.68746E+00 MeV  frac = 1.00000E+00  : inelastic scatt. to 7. excited state
  10    MT =     58  Q = -1.76070E+00 MeV  Emin = 1.78017E+00 MeV  frac = 1.00000E+00  : inelastic scatt. to 8. excited state
  11    MT =     59  Q = -1.85000E+00 MeV  Emin = 1.87046E+00 MeV  frac = 1.00000E+00  : inelastic scatt. to 9. excited state
  12    MT =     60  Q = -2.05000E+00 MeV  Emin = 2.07300E+00 MeV  frac = 1.00000E+00  : inelastic scatt. to 10. excited state
  13    MT =     61  Q = -2.15000E+00 MeV  Emin = 2.17400E+00 MeV  frac = 1.00000E+00  : inelastic scatt. to 11. excited state
  14    MT =     62  Q = -2.26100E+00 MeV  Emin = 2.28600E+00 MeV  frac = 1.00000E+00  : inelastic scatt. to 12. excited state
  15    MT =     63  Q = -2.31900E+00 MeV  Emin = 2.34500E+00 MeV  frac = 1.00000E+00  : inelastic scatt. to 13. excited state
  16    MT =     64  Q = -2.32000E+00 MeV  Emin = 2.34600E+00 MeV  frac = 1.00000E+00  : inelastic scatt. to 14. excited state
  17    MT =     65  Q = -2.35000E+00 MeV  Emin = 2.37600E+00 MeV  frac = 1.00000E+00  : inelastic scatt. to 15. excited state
  18    MT =     66  Q = -2.55700E+00 MeV  Emin = 2.58528E+00 MeV  frac = 1.00000E+00  : inelastic scatt. to 16. excited state
  19    MT =     67  Q = -2.61000E+00 MeV  Emin = 3.07300E+00 MeV  frac = 1.00000E+00  : inelastic scatt. to 17. excited state
  20    MT =     68  Q = -2.73800E+00 MeV  Emin = 2.77900E+00 MeV  frac = 1.00000E+00  : inelastic scatt. to 18. excited state
  21    MT =     69  Q = -2.74800E+00 MeV  Emin = 2.77900E+00 MeV  frac = 1.00000E+00  : inelastic scatt. to 19. excited state
  22    MT =     91  Q = -2.82100E+00 MeV  Emin = 2.85219E+00 MeV  frac = 1.00000E+00  : inelastic scattering to continuum
  23    MT =    102  Q =  7.98000E+00 MeV  Emin = 1.00000E-11 MeV  frac = 1.00000E+00  : (n,gamma)
  24    MT =    103  Q = -7.61000E-01 MeV  Emin = 3.07300E+00 MeV  frac = 1.00000E+00  : (n,p)
  25    MT =    107  Q =  5.66000E+00 MeV  Emin = 4.40000E+00 MeV  frac = 1.00000E+00  : (n,alpha)

 3 special reactions:

   1    MT =    203  Q =  0.00000E+00 MeV  Emin = 3.07300E+00 MeV  : total proton production
   2    MT =    207  Q =  0.00000E+00 MeV  Emin = 4.20000E+00 MeV  : total alpha production
   3    MT =      4  Q =  0.00000E+00 MeV  Emin = 9.28353E-01 MeV  : total inelastic scattering

 Nuclide   15 / 16 : 92235.09c -- uranium 235 (U-235)

 Pointers                     : 13531 106442
 Primary type                 : Transport
 Nuclide ZAI                  : 922350
 Library ID                   : 09c
 Cross section data file      : ./jeff311/acedata/92235JEF311.ace
 Atomic weight (AW)           : 235.04415
 Atomic weight ratio (AWR)    : 233.02500
 Temperature                  : 900.0 Kelvin
 XS temperature               : 900.0 Kelvin
 Minimum and maximum energy   : 1.00000E-11 2.00000E+01
 Half-life                    : 2.22E+16 seconds (704 million years)
 Specific ingestion toxicity  : 4.70E-08 Sv/Bq
 Specific inhalation toxicity : 8.50E-06 Sv/Bq
 Energy deposited per fission : 202.27 MeV

 - Nuclide is not involved in burnup calculation
 - Nuclide has neutron transport data
 - Nuclide has no photon transport data
 - Nuclide has no S(a,b) data
 - Nuclide has no isomeric branching data
 - Nuclide is fissile
 - Nuclide is not a delayed neutron precursor
 - Nuclide has delayed neutron data in 8 precursor groups
 - Nuclide has ures ptable data but it is not used
 - Nuclide temperature is not adjusted with TMS
 - Nuclide has no dosimetry data
 - Nuclide has decay data
 - Nuclide has no supplementary transmutation cross section data
 - Nuclide has NFY data 
 - Nuclide has no SFY data

 - 41 reaction channels
 - 1 special reactions
 - No transmutation reactions
 - No transmutation branch reactions
 - 2 decay reactions
 - No decay branch reactions
 - No transmutation paths
 - All reaction paths linked to target

 41 reactions channel:

   1    MT =      2  Q =  0.00000E+00 MeV  Emin = 1.00000E-11 MeV  frac = 1.00000E+00  : elastic scattering
   2    MT =     16  Q = -5.29778E+00 MeV  Emin = 5.32052E+00 MeV  frac = 1.00000E+00  : (n,2n)
   3    MT =     17  Q = -1.21423E+01 MeV  Emin = 1.21944E+01 MeV  frac = 1.00000E+00  : (n,3n)
   4    MT =     18  Q =  1.93720E+02 MeV  Emin = 1.00000E-11 MeV  frac = 1.00000E+00  NFY (E = 2.53000E-08 MeV)     : total fission
   5    MT =     37  Q = -1.78856E+01 MeV  Emin = 1.79624E+01 MeV  frac = 1.00000E+00  : (n,4n)
   6    MT =     51  Q = -7.68000E-05 MeV  Emin = 2.25000E-03 MeV  frac = 1.00000E+00  : inelastic scatt. to 1. excited state
   7    MT =     52  Q = -1.30400E-02 MeV  Emin = 1.30960E-02 MeV  frac = 1.00000E+00  : inelastic scatt. to 2. excited state
   8    MT =     53  Q = -4.62000E-02 MeV  Emin = 4.63983E-02 MeV  frac = 1.00000E+00  : inelastic scatt. to 3. excited state
   9    MT =     54  Q = -5.17010E-02 MeV  Emin = 5.19229E-02 MeV  frac = 1.00000E+00  : inelastic scatt. to 4. excited state
  10    MT =     55  Q = -8.17000E-02 MeV  Emin = 8.20510E-02 MeV  frac = 1.00000E+00  : inelastic scatt. to 5. excited state
  11    MT =     56  Q = -1.03000E-01 MeV  Emin = 1.03442E-01 MeV  frac = 1.00000E+00  : inelastic scatt. to 6. excited state
  12    MT =     57  Q = -1.29300E-01 MeV  Emin = 1.29855E-01 MeV  frac = 1.00000E+00  : inelastic scatt. to 7. excited state
  13    MT =     58  Q = -1.50500E-01 MeV  Emin = 1.51150E-01 MeV  frac = 1.00000E+00  : inelastic scatt. to 8. excited state
  14    MT =     59  Q = -1.70700E-01 MeV  Emin = 1.71433E-01 MeV  frac = 1.00000E+00  : inelastic scatt. to 9. excited state
  15    MT =     60  Q = -1.71400E-01 MeV  Emin = 1.72140E-01 MeV  frac = 1.00000E+00  : inelastic scatt. to 10. excited state
  16    MT =     61  Q = -1.97100E-01 MeV  Emin = 1.97950E-01 MeV  frac = 1.00000E+00  : inelastic scatt. to 11. excited state
  17    MT =     62  Q = -2.25400E-01 MeV  Emin = 2.26370E-01 MeV  frac = 1.00000E+00  : inelastic scatt. to 12. excited state
  18    MT =     63  Q = -2.49100E-01 MeV  Emin = 2.50170E-01 MeV  frac = 1.00000E+00  : inelastic scatt. to 13. excited state
  19    MT =     64  Q = -2.91400E-01 MeV  Emin = 2.92651E-01 MeV  frac = 1.00000E+00  : inelastic scatt. to 14. excited state
  20    MT =     65  Q = -2.94700E-01 MeV  Emin = 2.95965E-01 MeV  frac = 1.00000E+00  : inelastic scatt. to 15. excited state
  21    MT =     66  Q = -3.32800E-01 MeV  Emin = 3.34230E-01 MeV  frac = 1.00000E+00  : inelastic scatt. to 16. excited state
  22    MT =     67  Q = -3.38500E-01 MeV  Emin = 3.39953E-01 MeV  frac = 1.00000E+00  : inelastic scatt. to 17. excited state
  23    MT =     68  Q = -3.57300E-01 MeV  Emin = 3.58834E-01 MeV  frac = 1.00000E+00  : inelastic scatt. to 18. excited state
  24    MT =     69  Q = -3.67100E-01 MeV  Emin = 3.68680E-01 MeV  frac = 1.00000E+00  : inelastic scatt. to 19. excited state
  25    MT =     70  Q = -3.93200E-01 MeV  Emin = 3.94890E-01 MeV  frac = 1.00000E+00  : inelastic scatt. to 20. excited state
  26    MT =     71  Q = -4.14800E-01 MeV  Emin = 4.16580E-01 MeV  frac = 1.00000E+00  : inelastic scatt. to 21. excited state
  27    MT =     72  Q = -4.26700E-01 MeV  Emin = 4.28531E-01 MeV  frac = 1.00000E+00  : inelastic scatt. to 22. excited state
  28    MT =     73  Q = -4.30000E-01 MeV  Emin = 4.31845E-01 MeV  frac = 1.00000E+00  : inelastic scatt. to 23. excited state
  29    MT =     74  Q = -4.38500E-01 MeV  Emin = 4.40382E-01 MeV  frac = 1.00000E+00  : inelastic scatt. to 24. excited state
  30    MT =     75  Q = -4.45700E-01 MeV  Emin = 4.47613E-01 MeV  frac = 1.00000E+00  : inelastic scatt. to 25. excited state
  31    MT =     76  Q = -4.74300E-01 MeV  Emin = 4.76340E-01 MeV  frac = 1.00000E+00  : inelastic scatt. to 26. excited state
  32    MT =     77  Q = -5.50000E-01 MeV  Emin = 5.52361E-01 MeV  frac = 1.00000E+00  : inelastic scatt. to 27. excited state
  33    MT =     78  Q = -6.50000E-01 MeV  Emin = 6.52790E-01 MeV  frac = 1.00000E+00  : inelastic scatt. to 28. excited state
  34    MT =     79  Q = -7.70000E-01 MeV  Emin = 7.73305E-01 MeV  frac = 1.00000E+00  : inelastic scatt. to 29. excited state
  35    MT =     80  Q = -9.00000E-01 MeV  Emin = 9.03863E-01 MeV  frac = 1.00000E+00  : inelastic scatt. to 30. excited state
  36    MT =     81  Q = -1.04000E+00 MeV  Emin = 1.04446E+00 MeV  frac = 1.00000E+00  : inelastic scatt. to 31. excited state
  37    MT =     82  Q = -1.08500E+00 MeV  Emin = 1.08966E+00 MeV  frac = 1.00000E+00  : inelastic scatt. to 32. excited state
  38    MT =     83  Q = -1.33000E+00 MeV  Emin = 1.33571E+00 MeV  frac = 1.00000E+00  : inelastic scatt. to 33. excited state
  39    MT =     84  Q = -1.43000E+00 MeV  Emin = 1.43614E+00 MeV  frac = 1.00000E+00  : inelastic scatt. to 34. excited state
  40    MT =     91  Q = -4.97864E-01 MeV  Emin = 5.00000E-01 MeV  frac = 1.00000E+00  : inelastic scattering to continuum
  41    MT =    102  Q =  6.54520E+00 MeV  Emin = 1.00000E-11 MeV  frac = 1.00000E+00  : (n,gamma)

 1 special reaction:

   1    MT =      4  Q =  0.00000E+00 MeV  Emin = 2.25000E-03 MeV  : total inelastic scattering

 2 decay reactions:

   1  RTYP = 4     Q =  4.67870E+00 MeV  frac = 1.00000E+00  : alpha
   2  RTYP = 6     Q =  1.76400E+02 MeV  frac = 7.20000E-11  : spontaneous fission

 Nuclide   16 / 16 : 92238.09c -- uranium 238 (U-238)

 Pointers                     : 44074 107270
 Primary type                 : Transport
 Nuclide ZAI                  : 922380
 Library ID                   : 09c
 Cross section data file      : ./jeff311/acedata/92238JF311.ace
 Atomic weight (AW)           : 238.05078
 Atomic weight ratio (AWR)    : 236.00580
 Temperature                  : 900.0 Kelvin
 XS temperature               : 900.0 Kelvin
 Minimum and maximum energy   : 1.00000E-11 3.00000E+01
 Half-life                    : 1.41E+17 seconds (4.47 billion years)
 Specific ingestion toxicity  : 4.50E-08 Sv/Bq
 Specific inhalation toxicity : 8.00E-06 Sv/Bq
 Energy deposited per fission : 206.02 MeV

 - Nuclide is not involved in burnup calculation
 - Nuclide has neutron transport data
 - Nuclide has no photon transport data
 - Nuclide has no S(a,b) data
 - Nuclide has no isomeric branching data
 - Nuclide is fissile
 - Nuclide is not a delayed neutron precursor
 - Nuclide has delayed neutron data in 8 precursor groups
 - Nuclide has ures ptable data but it is not used
 - Nuclide temperature is not adjusted with TMS
 - Nuclide has no dosimetry data
 - Nuclide has decay data
 - Nuclide has no supplementary transmutation cross section data
 - Nuclide has NFY data 
 - Nuclide has no SFY data

 - 47 reaction channels
 - 1 special reactions
 - No transmutation reactions
 - No transmutation branch reactions
 - 2 decay reactions
 - No decay branch reactions
 - No transmutation paths
 - All reaction paths linked to target

 47 reactions channel:

   1    MT =      2  Q =  0.00000E+00 MeV  Emin = 1.00000E-11 MeV  frac = 1.00000E+00  : elastic scattering
   2    MT =     16  Q = -6.15280E+00 MeV  Emin = 6.20000E+00 MeV  frac = 1.00000E+00  : (n,2n)
   3    MT =     17  Q = -1.12786E+01 MeV  Emin = 1.14000E+01 MeV  frac = 1.00000E+00  : (n,3n)
   4    MT =     18  Q =  1.97314E+02 MeV  Emin = 1.00000E-11 MeV  frac = 1.00000E+00  NFY (E = 4.00000E-01 MeV)     : total fission
   5    MT =     37  Q = -1.78237E+01 MeV  Emin = 1.80000E+01 MeV  frac = 1.00000E+00  : (n,4n)
   6    MT =     51  Q = -4.49100E-02 MeV  Emin = 4.51003E-02 MeV  frac = 1.00000E+00  : inelastic scatt. to 1. excited state
   7    MT =     52  Q = -1.48410E-01 MeV  Emin = 1.49039E-01 MeV  frac = 1.00000E+00  : inelastic scatt. to 2. excited state
   8    MT =     53  Q = -3.07200E-01 MeV  Emin = 3.08502E-01 MeV  frac = 1.00000E+00  : inelastic scatt. to 3. excited state
   9    MT =     54  Q = -5.17800E-01 MeV  Emin = 5.19994E-01 MeV  frac = 1.00000E+00  : inelastic scatt. to 4. excited state
  10    MT =     55  Q = -6.80100E-01 MeV  Emin = 6.82982E-01 MeV  frac = 1.00000E+00  : inelastic scatt. to 5. excited state
  11    MT =     56  Q = -7.31900E-01 MeV  Emin = 7.35001E-01 MeV  frac = 1.00000E+00  : inelastic scatt. to 6. excited state
  12    MT =     57  Q = -7.75700E-01 MeV  Emin = 7.78987E-01 MeV  frac = 1.00000E+00  : inelastic scatt. to 7. excited state
  13    MT =     58  Q = -8.26700E-01 MeV  Emin = 8.30203E-01 MeV  frac = 1.00000E+00  : inelastic scatt. to 8. excited state
  14    MT =     59  Q = -9.27200E-01 MeV  Emin = 9.31129E-01 MeV  frac = 1.00000E+00  : inelastic scatt. to 9. excited state
  15    MT =     60  Q = -9.30500E-01 MeV  Emin = 9.34443E-01 MeV  frac = 1.00000E+00  : inelastic scatt. to 10. excited state
  16    MT =     61  Q = -9.49900E-01 MeV  Emin = 9.53925E-01 MeV  frac = 1.00000E+00  : inelastic scatt. to 11. excited state
  17    MT =     62  Q = -9.66300E-01 MeV  Emin = 9.70395E-01 MeV  frac = 1.00000E+00  : inelastic scatt. to 12. excited state
  18    MT =     63  Q = -9.67300E-01 MeV  Emin = 9.71399E-01 MeV  frac = 1.00000E+00  : inelastic scatt. to 13. excited state
  19    MT =     64  Q = -9.93000E-01 MeV  Emin = 9.97208E-01 MeV  frac = 1.00000E+00  : inelastic scatt. to 14. excited state
  20    MT =     65  Q = -9.97500E-01 MeV  Emin = 1.00173E+00 MeV  frac = 1.00000E+00  : inelastic scatt. to 15. excited state
  21    MT =     66  Q = -1.03730E+00 MeV  Emin = 1.04170E+00 MeV  frac = 1.00000E+00  : inelastic scatt. to 16. excited state
  22    MT =     67  Q = -1.05500E+00 MeV  Emin = 1.05947E+00 MeV  frac = 1.00000E+00  : inelastic scatt. to 17. excited state
  23    MT =     68  Q = -1.05950E+00 MeV  Emin = 1.06399E+00 MeV  frac = 1.00000E+00  : inelastic scatt. to 18. excited state
  24    MT =     69  Q = -1.06020E+00 MeV  Emin = 1.06469E+00 MeV  frac = 1.00000E+00  : inelastic scatt. to 19. excited state
  25    MT =     70  Q = -1.07650E+00 MeV  Emin = 1.08106E+00 MeV  frac = 1.00000E+00  : inelastic scatt. to 20. excited state
  26    MT =     71  Q = -1.10560E+00 MeV  Emin = 1.11029E+00 MeV  frac = 1.00000E+00  : inelastic scatt. to 21. excited state
  27    MT =     72  Q = -1.10700E+00 MeV  Emin = 1.11169E+00 MeV  frac = 1.00000E+00  : inelastic scatt. to 22. excited state
  28    MT =     73  Q = -1.12700E+00 MeV  Emin = 1.13178E+00 MeV  frac = 1.00000E+00  : inelastic scatt. to 23. excited state
  29    MT =     74  Q = -1.12830E+00 MeV  Emin = 1.13308E+00 MeV  frac = 1.00000E+00  : inelastic scatt. to 24. excited state
  30    MT =     75  Q = -1.15030E+00 MeV  Emin = 1.15518E+00 MeV  frac = 1.00000E+00  : inelastic scatt. to 25. excited state
  31    MT =     76  Q = -1.16750E+00 MeV  Emin = 1.17245E+00 MeV  frac = 1.00000E+00  : inelastic scatt. to 26. excited state
  32    MT =     77  Q = -1.16890E+00 MeV  Emin = 1.17385E+00 MeV  frac = 1.00000E+00  : inelastic scatt. to 27. excited state
  33    MT =     78  Q = -1.20900E+00 MeV  Emin = 1.21412E+00 MeV  frac = 1.00000E+00  : inelastic scatt. to 28. excited state
  34    MT =     79  Q = -1.25000E+00 MeV  Emin = 1.25530E+00 MeV  frac = 1.00000E+00  : inelastic scatt. to 29. excited state
  35    MT =     80  Q = -1.44000E+00 MeV  Emin = 1.44610E+00 MeV  frac = 1.00000E+00  : inelastic scatt. to 30. excited state
  36    MT =     81  Q = -1.75000E+00 MeV  Emin = 1.75742E+00 MeV  frac = 1.00000E+00  : inelastic scatt. to 31. excited state
  37    MT =     82  Q = -1.95000E+00 MeV  Emin = 1.95826E+00 MeV  frac = 1.00000E+00  : inelastic scatt. to 32. excited state
  38    MT =     83  Q = -2.15000E+00 MeV  Emin = 2.15911E+00 MeV  frac = 1.00000E+00  : inelastic scatt. to 33. excited state
  39    MT =     84  Q = -2.30000E+00 MeV  Emin = 2.30975E+00 MeV  frac = 1.00000E+00  : inelastic scatt. to 34. excited state
  40    MT =     85  Q = -2.49280E+00 MeV  Emin = 2.50336E+00 MeV  frac = 1.00000E+00  : inelastic scatt. to 35. excited state
  41    MT =     86  Q = -2.94000E+00 MeV  Emin = 2.95246E+00 MeV  frac = 1.00000E+00  : inelastic scatt. to 36. excited state
  42    MT =     87  Q = -3.18900E+00 MeV  Emin = 3.20251E+00 MeV  frac = 1.00000E+00  : inelastic scatt. to 37. excited state
  43    MT =     88  Q = -3.38800E+00 MeV  Emin = 3.40236E+00 MeV  frac = 1.00000E+00  : inelastic scatt. to 38. excited state
  44    MT =     89  Q = -3.53800E+00 MeV  Emin = 3.55299E+00 MeV  frac = 1.00000E+00  : inelastic scatt. to 39. excited state
  45    MT =     90  Q = -3.73700E+00 MeV  Emin = 3.75284E+00 MeV  frac = 1.00000E+00  : inelastic scatt. to 40. excited state
  46    MT =     91  Q = -1.21000E+00 MeV  Emin = 1.30000E+00 MeV  frac = 1.00000E+00  : inelastic scattering to continuum
  47    MT =    102  Q =  4.80650E+00 MeV  Emin = 1.00000E-11 MeV  frac = 1.00000E+00  : (n,gamma)

 1 special reaction:

   1    MT =      4  Q =  0.00000E+00 MeV  Emin = 4.51003E-02 MeV  : total inelastic scattering

 2 decay reactions:

   1  RTYP = 4     Q =  4.27000E+00 MeV  frac = 9.99999E-01  : alpha
   2  RTYP = 6     Q =  1.73600E+02 MeV  frac = 5.46000E-07  : spontaneous fission

 --- Table  1: Summary of material compositions: 

 6 materials included in calculation


Material "fuel":

 - Material is included in majorant
 - Material is included in geometry
 - Atom density 6.9834E-02 1/barn*cm
 - Mass density 1.0438E+01 g/cm3
 - Volume 4.3565E+01 cm3
 - Mass 4.5471E+02 g
 - Photon emission rate 0.0000E+00 1/s
 - 3 nuclides in composition
 - No nuclides associated with S(a,b) data
 - 6.52 Mb of memory allocated for data

Isotopic composition (non-zero densities):

-------------------------------------------------------------------
 Nuclide    a. weight   temp      a. dens      a. frac      m. frac
-------------------------------------------------------------------
  8016.09c   15.99492  900.0  4.65562E-02  6.66668E-01  1.18473E-01    
 92235.09c  235.04415  900.0  1.67703E-04  2.40144E-03  6.27118E-03    
 92238.09c  238.05078  900.0  2.31103E-02  3.30931E-01  8.75256E-01    
       sum                    6.98342E-02  1.00000E+00  1.00000E+00
-------------------------------------------------------------------

Material "clad":

 - Material is included in majorant
 - Material is included in geometry
 - Atom density 4.2610E-02 1/barn*cm
 - Mass density 6.4400E+00 g/cm3
 - Volume 6.1522E+00 cm3
 - Mass 3.9620E+01 g
 - Photon emission rate 0.0000E+00 1/s
 - 6 nuclides in composition
 - No nuclides associated with S(a,b) data
 - 3.73 Mb of memory allocated for data

Isotopic composition (non-zero densities):

-------------------------------------------------------------------
 Nuclide    a. weight   temp      a. dens      a. frac      m. frac
-------------------------------------------------------------------
 25055.06c   54.93805  600.0  1.12902E-04  2.64965E-03  1.59936E-03    
 28000.06c   58.68796  600.0  3.96330E-05  9.30129E-04  5.99758E-04    
 24000.06c   51.99587  600.0  8.20122E-05  1.92471E-03  1.09956E-03    
 40000.06c   91.21962  600.0  4.23746E-02  9.94469E-01  9.96698E-01    
  5010.06c   10.01294  600.0  2.22266E-07  5.21626E-06  5.73859E-07    
  5011.06c   11.00928  600.0  8.89431E-07  2.08736E-05  2.52488E-06    
       sum                    4.26102E-02  1.00000E+00  1.00000E+00
-------------------------------------------------------------------

Material "tube":

 - Material is included in majorant
 - Material is included in geometry
 - Atom density 4.3374E-02 1/barn*cm
 - Mass density 6.5700E+00 g/cm3
 - Volume 1.4697E+01 cm3
 - Mass 9.6562E+01 g
 - Photon emission rate 0.0000E+00 1/s
 - 3 nuclides in composition
 - No nuclides associated with S(a,b) data
 - 3.73 Mb of memory allocated for data

Isotopic composition (non-zero densities):

-------------------------------------------------------------------
 Nuclide    a. weight   temp      a. dens      a. frac      m. frac
-------------------------------------------------------------------
 40000.06c   91.21962  600.0  4.33731E-02  9.99982E-01  9.99998E-01    
  5010.06c   10.01294  600.0  1.57605E-07  3.63363E-06  3.98861E-07    
  5011.06c   11.00928  600.0  6.30696E-07  1.45409E-05  1.75497E-06    
       sum                    4.33738E-02  1.00000E+00  1.00000E+00
-------------------------------------------------------------------

Material "caltube":

 - Material is included in majorant
 - Material is included in geometry
 - Atom density 4.2610E-02 1/barn*cm
 - Mass density 6.4400E+00 g/cm3
 - Volume 5.7209E+00 cm3
 - Mass 3.6843E+01 g
 - Photon emission rate 0.0000E+00 1/s
 - 6 nuclides in composition
 - No nuclides associated with S(a,b) data
 - 3.73 Mb of memory allocated for data

Isotopic composition (non-zero densities):

-------------------------------------------------------------------
 Nuclide    a. weight   temp      a. dens      a. frac      m. frac
-------------------------------------------------------------------
 25055.06c   54.93805  600.0  1.12902E-04  2.64965E-03  1.59936E-03    
 28000.06c   58.68796  600.0  3.96330E-05  9.30129E-04  5.99758E-04    
 24000.06c   51.99587  600.0  8.20122E-05  1.92471E-03  1.09956E-03    
 40000.06c   91.21962  600.0  4.23746E-02  9.94469E-01  9.96698E-01    
  5010.06c   10.01294  600.0  2.22266E-07  5.21626E-06  5.73859E-07    
  5011.06c   11.00928  600.0  8.89431E-07  2.08736E-05  2.52488E-06    
       sum                    4.26102E-02  1.00000E+00  1.00000E+00
-------------------------------------------------------------------

Material "cool":

 - Material is included in majorant
 - Material is included in geometry
 - Atom density 7.3332E-02 1/barn*cm
 - Mass density 8.1212E-01 g/cm3
 - Volume 3.7000E+38 cm3
 - Mass 3.0048E+38 g
 - Photon emission rate 0.0000E+00 1/s
 - 3 nuclides in composition
 - 2 nuclides associated with S(a,b) data
 - 3.73 Mb of memory allocated for data

Isotopic composition (non-zero densities):

-------------------------------------------------------------------
 Nuclide    a. weight   temp      a. dens      a. frac      m. frac
-------------------------------------------------------------------
  8016.06c   15.99492  600.0  2.44440E-02  3.33335E-01  7.99448E-01    
  1002.06s    2.01410  600.0  4.85074E-02  6.61479E-01  1.99768E-01 (s)
  1001.06s    1.00783  600.0  3.80337E-04  5.18652E-03  7.83773E-04 (s)
       sum                    7.33318E-02  1.00000E+00  1.00000E+00
-------------------------------------------------------------------

Material "moder":

 - Material is included in majorant
 - Material is included in geometry
 - Atom density 9.7713E-02 1/barn*cm
 - Mass density 1.0829E+00 g/cm3
 - Volume 0.0000E+00 cm3
 - Mass 0.0000E+00 g
 - Photon emission rate 0.0000E+00 1/s
 - 3 nuclides in composition
 - 2 nuclides associated with S(a,b) data
 - 3.73 Mb of memory allocated for data

Isotopic composition (non-zero densities):

-------------------------------------------------------------------
 Nuclide    a. weight   temp      a. dens      a. frac      m. frac
-------------------------------------------------------------------
  8016.06c   15.99492  600.0  3.25712E-02  3.33334E-01  7.98895E-01    
  1002.06s    2.01410  600.0  6.50841E-02  6.66072E-01  2.01016E-01 (s)
  1001.06s    1.00783  600.0  5.79759E-05  5.93327E-04  8.95999E-05 (s)
       sum                    9.77133E-02  1.00000E+00  1.00000E+00
-------------------------------------------------------------------
